{"D:\\AI\\synapse\\core\\config.js": {"path":"D:\\AI\\synapse\\core\\config.js","statementMap":{"0":{"start":{"line":7,"column":11},"end":{"line":7,"column":24}},"1":{"start":{"line":8,"column":13},"end":{"line":8,"column":28}},"2":{"start":{"line":9,"column":13},"end":{"line":9,"column":31}},"3":{"start":{"line":11,"column":14},"end":{"line":11,"column":18}},"4":{"start":{"line":14,"column":23},"end":{"line":14,"column":78}},"5":{"start":{"line":15,"column":4},"end":{"line":18,"column":5}},"6":{"start":{"line":16,"column":8},"end":{"line":16,"column":97}},"7":{"start":{"line":17,"column":8},"end":{"line":17,"column":24}},"8":{"start":{"line":19,"column":4},"end":{"line":19,"column":61}},"9":{"start":{"line":21,"column":4},"end":{"line":24,"column":5}},"10":{"start":{"line":22,"column":8},"end":{"line":22,"column":85}},"11":{"start":{"line":23,"column":8},"end":{"line":23,"column":24}},"12":{"start":{"line":25,"column":4},"end":{"line":25,"column":19}},"13":{"start":{"line":29,"column":4},"end":{"line":29,"column":80}},"14":{"start":{"line":29,"column":18},"end":{"line":29,"column":80}},"15":{"start":{"line":30,"column":4},"end":{"line":30,"column":19}},"16":{"start":{"line":33,"column":0},"end":{"line":33,"column":31}}},"fnMap":{"0":{"name":"init","decl":{"start":{"line":13,"column":9},"end":{"line":13,"column":13}},"loc":{"start":{"line":13,"column":26},"end":{"line":26,"column":1}},"line":13},"1":{"name":"get","decl":{"start":{"line":28,"column":9},"end":{"line":28,"column":12}},"loc":{"start":{"line":28,"column":15},"end":{"line":31,"column":1}},"line":28}},"branchMap":{"0":{"loc":{"start":{"line":14,"column":23},"end":{"line":14,"column":78}},"type":"binary-expr","locations":[{"start":{"line":14,"column":23},"end":{"line":14,"column":33}},{"start":{"line":14,"column":37},"end":{"line":14,"column":78}}],"line":14},"1":{"loc":{"start":{"line":15,"column":4},"end":{"line":18,"column":5}},"type":"if","locations":[{"start":{"line":15,"column":4},"end":{"line":18,"column":5}},{"start":{},"end":{}}],"line":15},"2":{"loc":{"start":{"line":21,"column":4},"end":{"line":24,"column":5}},"type":"if","locations":[{"start":{"line":21,"column":4},"end":{"line":24,"column":5}},{"start":{},"end":{}}],"line":21},"3":{"loc":{"start":{"line":21,"column":8},"end":{"line":21,"column":78}},"type":"binary-expr","locations":[{"start":{"line":21,"column":8},"end":{"line":21,"column":24}},{"start":{"line":21,"column":28},"end":{"line":21,"column":78}}],"line":21},"4":{"loc":{"start":{"line":29,"column":4},"end":{"line":29,"column":80}},"type":"if","locations":[{"start":{"line":29,"column":4},"end":{"line":29,"column":80}},{"start":{},"end":{}}],"line":29}},"s":{"0":0,"1":0,"2":0,"3":0,"4":0,"5":0,"6":0,"7":0,"8":0,"9":0,"10":0,"11":0,"12":0,"13":0,"14":0,"15":0,"16":0},"f":{"0":0,"1":0},"b":{"0":[0,0],"1":[0,0],"2":[0,0],"3":[0,0],"4":[0,0]}}
,"D:\\AI\\synapse\\core\\context_builder.js": {"path":"D:\\AI\\synapse\\core\\context_builder.js","statementMap":{"0":{"start":{"line":9,"column":14},"end":{"line":9,"column":30}},"1":{"start":{"line":10,"column":17},"end":{"line":10,"column":49}},"2":{"start":{"line":11,"column":12},"end":{"line":11,"column":39}},"3":{"start":{"line":12,"column":0},"end":{"line":12,"column":18}},"4":{"start":{"line":13,"column":0},"end":{"line":13,"column":23}},"5":{"start":{"line":21,"column":26},"end":{"line":29,"column":1}},"6":{"start":{"line":22,"column":16},"end":{"line":22,"column":57}},"7":{"start":{"line":23,"column":16},"end":{"line":23,"column":56}},"8":{"start":{"line":25,"column":18},"end":{"line":25,"column":40}},"9":{"start":{"line":26,"column":21},"end":{"line":26,"column":56}},"10":{"start":{"line":27,"column":8},"end":{"line":27,"column":36}},"11":{"start":{"line":31,"column":19},"end":{"line":31,"column":66}},"12":{"start":{"line":42,"column":4},"end":{"line":49,"column":7}},"13":{"start":{"line":44,"column":8},"end":{"line":44,"column":60}},"14":{"start":{"line":44,"column":40},"end":{"line":44,"column":60}},"15":{"start":{"line":46,"column":8},"end":{"line":46,"column":70}},"16":{"start":{"line":46,"column":37},"end":{"line":46,"column":70}},"17":{"start":{"line":48,"column":8},"end":{"line":48,"column":21}},"18":{"start":{"line":73,"column":21},"end":{"line":73,"column":23}},"19":{"start":{"line":76,"column":19},"end":{"line":76,"column":21}},"20":{"start":{"line":77,"column":4},"end":{"line":77,"column":79}},"21":{"start":{"line":77,"column":22},"end":{"line":77,"column":79}},"22":{"start":{"line":80,"column":4},"end":{"line":82,"column":5}},"23":{"start":{"line":81,"column":8},"end":{"line":81,"column":44}},"24":{"start":{"line":85,"column":4},"end":{"line":85,"column":72}},"25":{"start":{"line":85,"column":33},"end":{"line":85,"column":72}},"26":{"start":{"line":88,"column":16},"end":{"line":88,"column":38}},"27":{"start":{"line":89,"column":21},"end":{"line":89,"column":56}},"28":{"start":{"line":90,"column":22},"end":{"line":90,"column":44}},"29":{"start":{"line":91,"column":21},"end":{"line":91,"column":38}},"30":{"start":{"line":92,"column":20},"end":{"line":96,"column":16}},"31":{"start":{"line":97,"column":4},"end":{"line":97,"column":27}},"32":{"start":{"line":100,"column":4},"end":{"line":107,"column":18}},"33":{"start":{"line":109,"column":4},"end":{"line":111,"column":5}},"34":{"start":{"line":110,"column":8},"end":{"line":110,"column":74}},"35":{"start":{"line":114,"column":23},"end":{"line":114,"column":74}},"36":{"start":{"line":115,"column":19},"end":{"line":115,"column":49}},"37":{"start":{"line":116,"column":4},"end":{"line":116,"column":29}},"38":{"start":{"line":119,"column":4},"end":{"line":119,"column":58}},"39":{"start":{"line":121,"column":4},"end":{"line":121,"column":20}},"40":{"start":{"line":124,"column":0},"end":{"line":124,"column":53}}},"fnMap":{"0":{"name":"(anonymous_0)","decl":{"start":{"line":22,"column":10},"end":{"line":22,"column":11}},"loc":{"start":{"line":22,"column":16},"end":{"line":22,"column":57}},"line":22},"1":{"name":"(anonymous_1)","decl":{"start":{"line":23,"column":10},"end":{"line":23,"column":11}},"loc":{"start":{"line":23,"column":16},"end":{"line":23,"column":56}},"line":23},"2":{"name":"(anonymous_2)","decl":{"start":{"line":24,"column":11},"end":{"line":24,"column":12}},"loc":{"start":{"line":24,"column":17},"end":{"line":28,"column":5}},"line":24},"3":{"name":"replaceVariables","decl":{"start":{"line":41,"column":9},"end":{"line":41,"column":25}},"loc":{"start":{"line":41,"column":45},"end":{"line":50,"column":1}},"line":41},"4":{"name":"(anonymous_4)","decl":{"start":{"line":42,"column":42},"end":{"line":42,"column":43}},"loc":{"start":{"line":42,"column":59},"end":{"line":49,"column":5}},"line":42},"5":{"name":"buildMessages","decl":{"start":{"line":72,"column":9},"end":{"line":72,"column":22}},"loc":{"start":{"line":72,"column":84},"end":{"line":122,"column":1}},"line":72}},"branchMap":{"0":{"loc":{"start":{"line":31,"column":19},"end":{"line":31,"column":66}},"type":"binary-expr","locations":[{"start":{"line":31,"column":19},"end":{"line":31,"column":47}},{"start":{"line":31,"column":51},"end":{"line":31,"column":66}}],"line":31},"1":{"loc":{"start":{"line":41,"column":32},"end":{"line":41,"column":43}},"type":"default-arg","locations":[{"start":{"line":41,"column":41},"end":{"line":41,"column":43}}],"line":41},"2":{"loc":{"start":{"line":44,"column":8},"end":{"line":44,"column":60}},"type":"if","locations":[{"start":{"line":44,"column":8},"end":{"line":44,"column":60}},{"start":{},"end":{}}],"line":44},"3":{"loc":{"start":{"line":46,"column":8},"end":{"line":46,"column":70}},"type":"if","locations":[{"start":{"line":46,"column":8},"end":{"line":46,"column":70}},{"start":{},"end":{}}],"line":46},"4":{"loc":{"start":{"line":72,"column":39},"end":{"line":72,"column":51}},"type":"default-arg","locations":[{"start":{"line":72,"column":49},"end":{"line":72,"column":51}}],"line":72},"5":{"loc":{"start":{"line":72,"column":66},"end":{"line":72,"column":80}},"type":"default-arg","locations":[{"start":{"line":72,"column":78},"end":{"line":72,"column":80}}],"line":72},"6":{"loc":{"start":{"line":77,"column":4},"end":{"line":77,"column":79}},"type":"if","locations":[{"start":{"line":77,"column":4},"end":{"line":77,"column":79}},{"start":{},"end":{}}],"line":77},"7":{"loc":{"start":{"line":80,"column":4},"end":{"line":82,"column":5}},"type":"if","locations":[{"start":{"line":80,"column":4},"end":{"line":82,"column":5}},{"start":{},"end":{}}],"line":80},"8":{"loc":{"start":{"line":85,"column":4},"end":{"line":85,"column":72}},"type":"if","locations":[{"start":{"line":85,"column":4},"end":{"line":85,"column":72}},{"start":{},"end":{}}],"line":85},"9":{"loc":{"start":{"line":109,"column":4},"end":{"line":111,"column":5}},"type":"if","locations":[{"start":{"line":109,"column":4},"end":{"line":111,"column":5}},{"start":{},"end":{}}],"line":109},"10":{"loc":{"start":{"line":114,"column":23},"end":{"line":114,"column":74}},"type":"binary-expr","locations":[{"start":{"line":114,"column":23},"end":{"line":114,"column":68}},{"start":{"line":114,"column":72},"end":{"line":114,"column":74}}],"line":114}},"s":{"0":1,"1":1,"2":1,"3":1,"4":1,"5":1,"6":1,"7":0,"8":0,"9":0,"10":0,"11":1,"12":10,"13":4,"14":2,"15":2,"16":1,"17":1,"18":7,"19":7,"20":7,"21":6,"22":7,"23":1,"24":7,"25":1,"26":7,"27":7,"28":7,"29":7,"30":7,"31":7,"32":7,"33":7,"34":7,"35":7,"36":7,"37":7,"38":7,"39":7,"40":1},"f":{"0":1,"1":0,"2":0,"3":10,"4":4,"5":7},"b":{"0":[1,1],"1":[2],"2":[2,2],"3":[1,1],"4":[6],"5":[5],"6":[6,1],"7":[1,6],"8":[1,6],"9":[7,0],"10":[7,7]},"_coverageSchema":"1a1c01bbd47fc00a2c39e90264f33305004495a9","hash":"045c9b968b32820f14f8cb015cf990c8e10b3d8e"}
,"D:\\AI\\synapse\\core\\database.js": {"path":"D:\\AI\\synapse\\core\\database.js","statementMap":{"0":{"start":{"line":8,"column":13},"end":{"line":8,"column":28}},"1":{"start":{"line":9,"column":11},"end":{"line":9,"column":24}},"2":{"start":{"line":10,"column":17},"end":{"line":10,"column":42}},"3":{"start":{"line":12,"column":16},"end":{"line":12,"column":63}},"4":{"start":{"line":13,"column":9},"end":{"line":13,"column":13}},"5":{"start":{"line":16,"column":16},"end":{"line":16,"column":37}},"6":{"start":{"line":17,"column":4},"end":{"line":17,"column":68}},"7":{"start":{"line":17,"column":29},"end":{"line":17,"column":68}},"8":{"start":{"line":19,"column":4},"end":{"line":19,"column":31}},"9":{"start":{"line":20,"column":4},"end":{"line":20,"column":36}},"10":{"start":{"line":21,"column":4},"end":{"line":21,"column":35}},"11":{"start":{"line":24,"column":4},"end":{"line":37,"column":7}},"12":{"start":{"line":40,"column":4},"end":{"line":47,"column":7}},"13":{"start":{"line":50,"column":4},"end":{"line":58,"column":7}},"14":{"start":{"line":61,"column":4},"end":{"line":61,"column":96}},"15":{"start":{"line":61,"column":10},"end":{"line":61,"column":69}},"16":{"start":{"line":64,"column":4},"end":{"line":73,"column":7}},"17":{"start":{"line":74,"column":4},"end":{"line":74,"column":80}},"18":{"start":{"line":77,"column":4},"end":{"line":77,"column":78}},"19":{"start":{"line":78,"column":4},"end":{"line":78,"column":95}},"20":{"start":{"line":79,"column":4},"end":{"line":79,"column":92}},"21":{"start":{"line":81,"column":4},"end":{"line":81,"column":14}},"22":{"start":{"line":85,"column":4},"end":{"line":85,"column":77}},"23":{"start":{"line":85,"column":13},"end":{"line":85,"column":77}},"24":{"start":{"line":86,"column":4},"end":{"line":86,"column":14}},"25":{"start":{"line":89,"column":0},"end":{"line":89,"column":31}}},"fnMap":{"0":{"name":"init","decl":{"start":{"line":15,"column":9},"end":{"line":15,"column":13}},"loc":{"start":{"line":15,"column":16},"end":{"line":82,"column":1}},"line":15},"1":{"name":"get","decl":{"start":{"line":84,"column":9},"end":{"line":84,"column":12}},"loc":{"start":{"line":84,"column":15},"end":{"line":87,"column":1}},"line":84}},"branchMap":{"0":{"loc":{"start":{"line":17,"column":4},"end":{"line":17,"column":68}},"type":"if","locations":[{"start":{"line":17,"column":4},"end":{"line":17,"column":68}},{"start":{},"end":{}}],"line":17},"1":{"loc":{"start":{"line":85,"column":4},"end":{"line":85,"column":77}},"type":"if","locations":[{"start":{"line":85,"column":4},"end":{"line":85,"column":77}},{"start":{},"end":{}}],"line":85}},"s":{"0":1,"1":1,"2":1,"3":1,"4":1,"5":0,"6":0,"7":0,"8":0,"9":0,"10":0,"11":0,"12":0,"13":0,"14":0,"15":0,"16":0,"17":0,"18":0,"19":0,"20":0,"21":0,"22":0,"23":0,"24":0,"25":1},"f":{"0":0,"1":0},"b":{"0":[0,0],"1":[0,0]},"_coverageSchema":"1a1c01bbd47fc00a2c39e90264f33305004495a9","hash":"46821b325f06d52019d62cd3388473996e183608"}
,"D:\\AI\\synapse\\core\\llm_client.js": {"path":"D:\\AI\\synapse\\core\\llm_client.js","statementMap":{"0":{"start":{"line":9,"column":14},"end":{"line":9,"column":30}},"1":{"start":{"line":10,"column":18},"end":{"line":10,"column":46}},"2":{"start":{"line":11,"column":12},"end":{"line":11,"column":43}},"3":{"start":{"line":16,"column":4},"end":{"line":16,"column":44}},"4":{"start":{"line":16,"column":33},"end":{"line":16,"column":44}},"5":{"start":{"line":17,"column":4},"end":{"line":22,"column":5}},"6":{"start":{"line":17,"column":10},"end":{"line":17,"column":37}},"7":{"start":{"line":20,"column":8},"end":{"line":21,"column":56}},"8":{"start":{"line":20,"column":14},"end":{"line":20,"column":60}},"9":{"start":{"line":21,"column":21},"end":{"line":21,"column":54}},"10":{"start":{"line":28,"column":4},"end":{"line":28,"column":56}},"11":{"start":{"line":32,"column":19},"end":{"line":32,"column":40}},"12":{"start":{"line":33,"column":22},"end":{"line":33,"column":47}},"13":{"start":{"line":35,"column":4},"end":{"line":54,"column":5}},"14":{"start":{"line":36,"column":26},"end":{"line":36,"column":65}},"15":{"start":{"line":36,"column":45},"end":{"line":36,"column":64}},"16":{"start":{"line":37,"column":29},"end":{"line":37,"column":70}},"17":{"start":{"line":37,"column":50},"end":{"line":37,"column":69}},"18":{"start":{"line":38,"column":8},"end":{"line":53,"column":10}},"19":{"start":{"line":57,"column":4},"end":{"line":64,"column":6}},"20":{"start":{"line":68,"column":4},"end":{"line":72,"column":5}},"21":{"start":{"line":69,"column":8},"end":{"line":69,"column":108}},"22":{"start":{"line":69,"column":50},"end":{"line":69,"column":108}},"23":{"start":{"line":70,"column":8},"end":{"line":70,"column":82}},"24":{"start":{"line":70,"column":43},"end":{"line":70,"column":82}},"25":{"start":{"line":71,"column":8},"end":{"line":71,"column":45}},"26":{"start":{"line":73,"column":18},"end":{"line":73,"column":52}},"27":{"start":{"line":74,"column":19},"end":{"line":74,"column":52}},"28":{"start":{"line":75,"column":4},"end":{"line":75,"column":44}},"29":{"start":{"line":81,"column":24},"end":{"line":81,"column":91}},"30":{"start":{"line":81,"column":58},"end":{"line":81,"column":75}},"31":{"start":{"line":82,"column":15},"end":{"line":82,"column":58}},"32":{"start":{"line":82,"column":21},"end":{"line":82,"column":58}},"33":{"start":{"line":82,"column":34},"end":{"line":82,"column":57}},"34":{"start":{"line":84,"column":4},"end":{"line":85,"column":61}},"35":{"start":{"line":85,"column":8},"end":{"line":85,"column":61}},"36":{"start":{"line":86,"column":4},"end":{"line":87,"column":63}},"37":{"start":{"line":87,"column":8},"end":{"line":87,"column":63}},"38":{"start":{"line":88,"column":4},"end":{"line":89,"column":59}},"39":{"start":{"line":89,"column":8},"end":{"line":89,"column":59}},"40":{"start":{"line":90,"column":4},"end":{"line":90,"column":33}},"41":{"start":{"line":96,"column":17},"end":{"line":96,"column":76}},"42":{"start":{"line":97,"column":19},"end":{"line":101,"column":5}},"43":{"start":{"line":103,"column":4},"end":{"line":107,"column":5}},"44":{"start":{"line":104,"column":8},"end":{"line":104,"column":83}},"45":{"start":{"line":104,"column":42},"end":{"line":104,"column":83}},"46":{"start":{"line":105,"column":8},"end":{"line":105,"column":71}},"47":{"start":{"line":105,"column":38},"end":{"line":105,"column":71}},"48":{"start":{"line":106,"column":8},"end":{"line":106,"column":86}},"49":{"start":{"line":106,"column":43},"end":{"line":106,"column":86}},"50":{"start":{"line":108,"column":4},"end":{"line":108,"column":18}},"51":{"start":{"line":114,"column":22},"end":{"line":114,"column":94}},"52":{"start":{"line":115,"column":35},"end":{"line":115,"column":125}},"53":{"start":{"line":116,"column":22},"end":{"line":116,"column":50}},"54":{"start":{"line":117,"column":18},"end":{"line":117,"column":76}},"55":{"start":{"line":119,"column":15},"end":{"line":119,"column":25}},"56":{"start":{"line":120,"column":4},"end":{"line":120,"column":82}},"57":{"start":{"line":122,"column":24},"end":{"line":122,"column":45}},"58":{"start":{"line":123,"column":4},"end":{"line":123,"column":122}},"59":{"start":{"line":124,"column":17},"end":{"line":130,"column":6}},"60":{"start":{"line":132,"column":4},"end":{"line":141,"column":5}},"61":{"start":{"line":133,"column":22},"end":{"line":133,"column":24}},"62":{"start":{"line":134,"column":8},"end":{"line":138,"column":9}},"63":{"start":{"line":135,"column":12},"end":{"line":135,"column":77}},"64":{"start":{"line":135,"column":49},"end":{"line":135,"column":77}},"65":{"start":{"line":137,"column":12},"end":{"line":137,"column":47}},"66":{"start":{"line":139,"column":8},"end":{"line":139,"column":143}},"67":{"start":{"line":140,"column":8},"end":{"line":140,"column":81}},"68":{"start":{"line":144,"column":4},"end":{"line":155,"column":5}},"69":{"start":{"line":145,"column":21},"end":{"line":145,"column":30}},"70":{"start":{"line":146,"column":8},"end":{"line":152,"column":9}},"71":{"start":{"line":147,"column":25},"end":{"line":147,"column":54}},"72":{"start":{"line":148,"column":12},"end":{"line":148,"column":66}},"73":{"start":{"line":150,"column":25},"end":{"line":150,"column":66}},"74":{"start":{"line":151,"column":12},"end":{"line":151,"column":66}},"75":{"start":{"line":153,"column":8},"end":{"line":153,"column":92}},"76":{"start":{"line":154,"column":8},"end":{"line":154,"column":15}},"77":{"start":{"line":158,"column":14},"end":{"line":158,"column":16}},"78":{"start":{"line":159,"column":4},"end":{"line":174,"column":5}},"79":{"start":{"line":160,"column":8},"end":{"line":160,"column":38}},"80":{"start":{"line":161,"column":22},"end":{"line":161,"column":37}},"81":{"start":{"line":162,"column":8},"end":{"line":162,"column":32}},"82":{"start":{"line":163,"column":8},"end":{"line":173,"column":9}},"83":{"start":{"line":164,"column":22},"end":{"line":164,"column":33}},"84":{"start":{"line":165,"column":12},"end":{"line":165,"column":56}},"85":{"start":{"line":165,"column":47},"end":{"line":165,"column":56}},"86":{"start":{"line":166,"column":25},"end":{"line":166,"column":35}},"87":{"start":{"line":167,"column":12},"end":{"line":167,"column":131}},"88":{"start":{"line":167,"column":37},"end":{"line":167,"column":121}},"89":{"start":{"line":167,"column":122},"end":{"line":167,"column":129}},"90":{"start":{"line":168,"column":12},"end":{"line":172,"column":38}},"91":{"start":{"line":169,"column":26},"end":{"line":169,"column":76}},"92":{"start":{"line":170,"column":16},"end":{"line":170,"column":39}},"93":{"start":{"line":170,"column":31},"end":{"line":170,"column":39}},"94":{"start":{"line":171,"column":16},"end":{"line":171,"column":48}},"95":{"start":{"line":171,"column":41},"end":{"line":171,"column":48}},"96":{"start":{"line":175,"column":4},"end":{"line":175,"column":88}},"97":{"start":{"line":182,"column":22},"end":{"line":184,"column":23}},"98":{"start":{"line":186,"column":20},"end":{"line":186,"column":82}},"99":{"start":{"line":187,"column":22},"end":{"line":187,"column":92}},"100":{"start":{"line":187,"column":60},"end":{"line":187,"column":91}},"101":{"start":{"line":190,"column":19},"end":{"line":190,"column":21}},"102":{"start":{"line":191,"column":17},"end":{"line":191,"column":41}},"103":{"start":{"line":192,"column":4},"end":{"line":194,"column":5}},"104":{"start":{"line":193,"column":8},"end":{"line":193,"column":70}},"105":{"start":{"line":193,"column":34},"end":{"line":193,"column":52}},"106":{"start":{"line":193,"column":53},"end":{"line":193,"column":68}},"107":{"start":{"line":195,"column":23},"end":{"line":195,"column":43}},"108":{"start":{"line":196,"column":19},"end":{"line":196,"column":21}},"109":{"start":{"line":198,"column":4},"end":{"line":213,"column":5}},"110":{"start":{"line":199,"column":8},"end":{"line":212,"column":9}},"111":{"start":{"line":200,"column":27},"end":{"line":200,"column":82}},"112":{"start":{"line":201,"column":12},"end":{"line":201,"column":58}},"113":{"start":{"line":201,"column":46},"end":{"line":201,"column":58}},"114":{"start":{"line":202,"column":12},"end":{"line":202,"column":19}},"115":{"start":{"line":204,"column":25},"end":{"line":204,"column":45}},"116":{"start":{"line":205,"column":27},"end":{"line":205,"column":98}},"117":{"start":{"line":206,"column":12},"end":{"line":206,"column":89}},"118":{"start":{"line":207,"column":12},"end":{"line":207,"column":46}},"119":{"start":{"line":208,"column":24},"end":{"line":208,"column":45}},"120":{"start":{"line":209,"column":12},"end":{"line":211,"column":13}},"121":{"start":{"line":210,"column":16},"end":{"line":210,"column":88}},"122":{"start":{"line":210,"column":39},"end":{"line":210,"column":86}},"123":{"start":{"line":214,"column":4},"end":{"line":214,"column":57}},"124":{"start":{"line":215,"column":4},"end":{"line":215,"column":63}},"125":{"start":{"line":219,"column":15},"end":{"line":219,"column":17}},"126":{"start":{"line":221,"column":19},"end":{"line":221,"column":94}},"127":{"start":{"line":222,"column":4},"end":{"line":222,"column":60}},"128":{"start":{"line":222,"column":38},"end":{"line":222,"column":60}},"129":{"start":{"line":223,"column":4},"end":{"line":223,"column":16}},"130":{"start":{"line":226,"column":0},"end":{"line":226,"column":62}}},"fnMap":{"0":{"name":"safeStringify","decl":{"start":{"line":15,"column":9},"end":{"line":15,"column":22}},"loc":{"start":{"line":15,"column":28},"end":{"line":23,"column":1}},"line":15},"1":{"name":"isAnthropic","decl":{"start":{"line":27,"column":9},"end":{"line":27,"column":20}},"loc":{"start":{"line":27,"column":30},"end":{"line":29,"column":1}},"line":27},"2":{"name":"buildRequest","decl":{"start":{"line":31,"column":9},"end":{"line":31,"column":21}},"loc":{"start":{"line":31,"column":47},"end":{"line":65,"column":1}},"line":31},"3":{"name":"(anonymous_3)","decl":{"start":{"line":36,"column":40},"end":{"line":36,"column":41}},"loc":{"start":{"line":36,"column":45},"end":{"line":36,"column":64}},"line":36},"4":{"name":"(anonymous_4)","decl":{"start":{"line":37,"column":45},"end":{"line":37,"column":46}},"loc":{"start":{"line":37,"column":50},"end":{"line":37,"column":69}},"line":37},"5":{"name":"parseChunk","decl":{"start":{"line":67,"column":9},"end":{"line":67,"column":19}},"loc":{"start":{"line":67,"column":36},"end":{"line":76,"column":1}},"line":67},"6":{"name":"routeModel","decl":{"start":{"line":80,"column":9},"end":{"line":80,"column":19}},"loc":{"start":{"line":80,"column":45},"end":{"line":91,"column":1}},"line":80},"7":{"name":"(anonymous_7)","decl":{"start":{"line":81,"column":53},"end":{"line":81,"column":54}},"loc":{"start":{"line":81,"column":58},"end":{"line":81,"column":75}},"line":81},"8":{"name":"(anonymous_8)","decl":{"start":{"line":82,"column":15},"end":{"line":82,"column":16}},"loc":{"start":{"line":82,"column":21},"end":{"line":82,"column":58}},"line":82},"9":{"name":"(anonymous_9)","decl":{"start":{"line":82,"column":29},"end":{"line":82,"column":30}},"loc":{"start":{"line":82,"column":34},"end":{"line":82,"column":57}},"line":82},"10":{"name":"expandCandidate","decl":{"start":{"line":95,"column":9},"end":{"line":95,"column":24}},"loc":{"start":{"line":95,"column":49},"end":{"line":109,"column":1}},"line":95},"11":{"name":"chatStream","decl":{"start":{"line":113,"column":16},"end":{"line":113,"column":26}},"loc":{"start":{"line":113,"column":64},"end":{"line":176,"column":1}},"line":113},"12":{"name":"chatStreamWithFallback","decl":{"start":{"line":180,"column":16},"end":{"line":180,"column":38}},"loc":{"start":{"line":180,"column":76},"end":{"line":216,"column":1}},"line":180},"13":{"name":"(anonymous_13)","decl":{"start":{"line":187,"column":55},"end":{"line":187,"column":56}},"loc":{"start":{"line":187,"column":60},"end":{"line":187,"column":91}},"line":187},"14":{"name":"(anonymous_14)","decl":{"start":{"line":210,"column":34},"end":{"line":210,"column":35}},"loc":{"start":{"line":210,"column":39},"end":{"line":210,"column":86}},"line":210},"15":{"name":"chat","decl":{"start":{"line":218,"column":15},"end":{"line":218,"column":19}},"loc":{"start":{"line":218,"column":57},"end":{"line":224,"column":1}},"line":218}},"branchMap":{"0":{"loc":{"start":{"line":16,"column":4},"end":{"line":16,"column":44}},"type":"if","locations":[{"start":{"line":16,"column":4},"end":{"line":16,"column":44}},{"start":{},"end":{}}],"line":16},"1":{"loc":{"start":{"line":20,"column":48},"end":{"line":20,"column":57}},"type":"binary-expr","locations":[{"start":{"line":20,"column":48},"end":{"line":20,"column":51}},{"start":{"line":20,"column":55},"end":{"line":20,"column":57}}],"line":20},"2":{"loc":{"start":{"line":28,"column":11},"end":{"line":28,"column":55}},"type":"binary-expr","locations":[{"start":{"line":28,"column":11},"end":{"line":28,"column":18}},{"start":{"line":28,"column":22},"end":{"line":28,"column":55}}],"line":28},"3":{"loc":{"start":{"line":32,"column":19},"end":{"line":32,"column":40}},"type":"binary-expr","locations":[{"start":{"line":32,"column":19},"end":{"line":32,"column":32}},{"start":{"line":32,"column":36},"end":{"line":32,"column":40}}],"line":32},"4":{"loc":{"start":{"line":33,"column":22},"end":{"line":33,"column":47}},"type":"binary-expr","locations":[{"start":{"line":33,"column":22},"end":{"line":33,"column":39}},{"start":{"line":33,"column":43},"end":{"line":33,"column":47}}],"line":33},"5":{"loc":{"start":{"line":35,"column":4},"end":{"line":54,"column":5}},"type":"if","locations":[{"start":{"line":35,"column":4},"end":{"line":54,"column":5}},{"start":{},"end":{}}],"line":35},"6":{"loc":{"start":{"line":39,"column":18},"end":{"line":39,"column":39}},"type":"binary-expr","locations":[{"start":{"line":39,"column":18},"end":{"line":39,"column":33}},{"start":{"line":39,"column":37},"end":{"line":39,"column":39}}],"line":39},"7":{"loc":{"start":{"line":46,"column":23},"end":{"line":46,"column":44}},"type":"binary-expr","locations":[{"start":{"line":46,"column":23},"end":{"line":46,"column":28}},{"start":{"line":46,"column":32},"end":{"line":46,"column":44}}],"line":46},"8":{"loc":{"start":{"line":47,"column":24},"end":{"line":47,"column":48}},"type":"binary-expr","locations":[{"start":{"line":47,"column":24},"end":{"line":47,"column":42}},{"start":{"line":47,"column":46},"end":{"line":47,"column":48}}],"line":47},"9":{"loc":{"start":{"line":50,"column":29},"end":{"line":50,"column":54}},"type":"binary-expr","locations":[{"start":{"line":50,"column":29},"end":{"line":50,"column":47}},{"start":{"line":50,"column":51},"end":{"line":50,"column":54}}],"line":50},"10":{"loc":{"start":{"line":58,"column":14},"end":{"line":58,"column":60}},"type":"binary-expr","locations":[{"start":{"line":58,"column":14},"end":{"line":58,"column":29}},{"start":{"line":58,"column":33},"end":{"line":58,"column":60}}],"line":58},"11":{"loc":{"start":{"line":63,"column":23},"end":{"line":63,"column":44}},"type":"binary-expr","locations":[{"start":{"line":63,"column":23},"end":{"line":63,"column":28}},{"start":{"line":63,"column":32},"end":{"line":63,"column":44}}],"line":63},"12":{"loc":{"start":{"line":63,"column":77},"end":{"line":63,"column":102}},"type":"binary-expr","locations":[{"start":{"line":63,"column":77},"end":{"line":63,"column":95}},{"start":{"line":63,"column":99},"end":{"line":63,"column":102}}],"line":63},"13":{"loc":{"start":{"line":68,"column":4},"end":{"line":72,"column":5}},"type":"if","locations":[{"start":{"line":68,"column":4},"end":{"line":72,"column":5}},{"start":{},"end":{}}],"line":68},"14":{"loc":{"start":{"line":69,"column":8},"end":{"line":69,"column":108}},"type":"if","locations":[{"start":{"line":69,"column":8},"end":{"line":69,"column":108}},{"start":{},"end":{}}],"line":69},"15":{"loc":{"start":{"line":69,"column":68},"end":{"line":69,"column":91}},"type":"binary-expr","locations":[{"start":{"line":69,"column":68},"end":{"line":69,"column":85}},{"start":{"line":69,"column":89},"end":{"line":69,"column":91}}],"line":69},"16":{"loc":{"start":{"line":70,"column":8},"end":{"line":70,"column":82}},"type":"if","locations":[{"start":{"line":70,"column":8},"end":{"line":70,"column":82}},{"start":{},"end":{}}],"line":70},"17":{"loc":{"start":{"line":75,"column":22},"end":{"line":75,"column":33}},"type":"binary-expr","locations":[{"start":{"line":75,"column":22},"end":{"line":75,"column":27}},{"start":{"line":75,"column":31},"end":{"line":75,"column":33}}],"line":75},"18":{"loc":{"start":{"line":81,"column":24},"end":{"line":81,"column":91}},"type":"binary-expr","locations":[{"start":{"line":81,"column":24},"end":{"line":81,"column":85}},{"start":{"line":81,"column":89},"end":{"line":81,"column":91}}],"line":81},"19":{"loc":{"start":{"line":84,"column":4},"end":{"line":85,"column":61}},"type":"if","locations":[{"start":{"line":84,"column":4},"end":{"line":85,"column":61}},{"start":{},"end":{}}],"line":84},"20":{"loc":{"start":{"line":85,"column":15},"end":{"line":85,"column":60}},"type":"binary-expr","locations":[{"start":{"line":85,"column":15},"end":{"line":85,"column":35}},{"start":{"line":85,"column":39},"end":{"line":85,"column":60}}],"line":85},"21":{"loc":{"start":{"line":86,"column":4},"end":{"line":87,"column":63}},"type":"if","locations":[{"start":{"line":86,"column":4},"end":{"line":87,"column":63}},{"start":{},"end":{}}],"line":86},"22":{"loc":{"start":{"line":87,"column":15},"end":{"line":87,"column":62}},"type":"binary-expr","locations":[{"start":{"line":87,"column":15},"end":{"line":87,"column":37}},{"start":{"line":87,"column":41},"end":{"line":87,"column":62}}],"line":87},"23":{"loc":{"start":{"line":88,"column":4},"end":{"line":89,"column":59}},"type":"if","locations":[{"start":{"line":88,"column":4},"end":{"line":89,"column":59}},{"start":{},"end":{}}],"line":88},"24":{"loc":{"start":{"line":89,"column":15},"end":{"line":89,"column":58}},"type":"binary-expr","locations":[{"start":{"line":89,"column":15},"end":{"line":89,"column":33}},{"start":{"line":89,"column":37},"end":{"line":89,"column":58}}],"line":89},"25":{"loc":{"start":{"line":96,"column":17},"end":{"line":96,"column":76}},"type":"cond-expr","locations":[{"start":{"line":96,"column":49},"end":{"line":96,"column":58}},{"start":{"line":96,"column":61},"end":{"line":96,"column":76}}],"line":96},"26":{"loc":{"start":{"line":103,"column":4},"end":{"line":107,"column":5}},"type":"if","locations":[{"start":{"line":103,"column":4},"end":{"line":107,"column":5}},{"start":{},"end":{}}],"line":103},"27":{"loc":{"start":{"line":104,"column":8},"end":{"line":104,"column":83}},"type":"if","locations":[{"start":{"line":104,"column":8},"end":{"line":104,"column":83}},{"start":{},"end":{}}],"line":104},"28":{"loc":{"start":{"line":105,"column":8},"end":{"line":105,"column":71}},"type":"if","locations":[{"start":{"line":105,"column":8},"end":{"line":105,"column":71}},{"start":{},"end":{}}],"line":105},"29":{"loc":{"start":{"line":106,"column":8},"end":{"line":106,"column":86}},"type":"if","locations":[{"start":{"line":106,"column":8},"end":{"line":106,"column":86}},{"start":{},"end":{}}],"line":106},"30":{"loc":{"start":{"line":113,"column":50},"end":{"line":113,"column":62}},"type":"default-arg","locations":[{"start":{"line":113,"column":60},"end":{"line":113,"column":62}}],"line":113},"31":{"loc":{"start":{"line":115,"column":92},"end":{"line":115,"column":124}},"type":"binary-expr","locations":[{"start":{"line":115,"column":92},"end":{"line":115,"column":105}},{"start":{"line":115,"column":109},"end":{"line":115,"column":124}}],"line":115},"32":{"loc":{"start":{"line":116,"column":22},"end":{"line":116,"column":50}},"type":"binary-expr","locations":[{"start":{"line":116,"column":22},"end":{"line":116,"column":37}},{"start":{"line":116,"column":41},"end":{"line":116,"column":50}}],"line":116},"33":{"loc":{"start":{"line":117,"column":18},"end":{"line":117,"column":76}},"type":"cond-expr","locations":[{"start":{"line":117,"column":54},"end":{"line":117,"column":65}},{"start":{"line":117,"column":68},"end":{"line":117,"column":76}}],"line":117},"34":{"loc":{"start":{"line":123,"column":53},"end":{"line":123,"column":70}},"type":"binary-expr","locations":[{"start":{"line":123,"column":53},"end":{"line":123,"column":63}},{"start":{"line":123,"column":67},"end":{"line":123,"column":70}}],"line":123},"35":{"loc":{"start":{"line":126,"column":22},"end":{"line":126,"column":53}},"type":"cond-expr","locations":[{"start":{"line":126,"column":36},"end":{"line":126,"column":44}},{"start":{"line":126,"column":47},"end":{"line":126,"column":53}}],"line":126},"36":{"loc":{"start":{"line":132,"column":4},"end":{"line":141,"column":5}},"type":"if","locations":[{"start":{"line":132,"column":4},"end":{"line":141,"column":5}},{"start":{},"end":{}}],"line":132},"37":{"loc":{"start":{"line":134,"column":8},"end":{"line":138,"column":9}},"type":"if","locations":[{"start":{"line":134,"column":8},"end":{"line":138,"column":9}},{"start":{"line":136,"column":15},"end":{"line":138,"column":9}}],"line":134},"38":{"loc":{"start":{"line":144,"column":4},"end":{"line":155,"column":5}},"type":"if","locations":[{"start":{"line":144,"column":4},"end":{"line":155,"column":5}},{"start":{},"end":{}}],"line":144},"39":{"loc":{"start":{"line":146,"column":8},"end":{"line":152,"column":9}},"type":"if","locations":[{"start":{"line":146,"column":8},"end":{"line":152,"column":9}},{"start":{"line":149,"column":15},"end":{"line":152,"column":9}}],"line":146},"40":{"loc":{"start":{"line":147,"column":25},"end":{"line":147,"column":54}},"type":"binary-expr","locations":[{"start":{"line":147,"column":25},"end":{"line":147,"column":48}},{"start":{"line":147,"column":52},"end":{"line":147,"column":54}}],"line":147},"41":{"loc":{"start":{"line":148,"column":43},"end":{"line":148,"column":63}},"type":"cond-expr","locations":[{"start":{"line":148,"column":50},"end":{"line":148,"column":56}},{"start":{"line":148,"column":59},"end":{"line":148,"column":63}}],"line":148},"42":{"loc":{"start":{"line":150,"column":25},"end":{"line":150,"column":66}},"type":"binary-expr","locations":[{"start":{"line":150,"column":25},"end":{"line":150,"column":60}},{"start":{"line":150,"column":64},"end":{"line":150,"column":66}}],"line":150},"43":{"loc":{"start":{"line":151,"column":43},"end":{"line":151,"column":63}},"type":"cond-expr","locations":[{"start":{"line":151,"column":50},"end":{"line":151,"column":56}},{"start":{"line":151,"column":59},"end":{"line":151,"column":63}}],"line":151},"44":{"loc":{"start":{"line":162,"column":14},"end":{"line":162,"column":31}},"type":"binary-expr","locations":[{"start":{"line":162,"column":14},"end":{"line":162,"column":25}},{"start":{"line":162,"column":29},"end":{"line":162,"column":31}}],"line":162},"45":{"loc":{"start":{"line":165,"column":12},"end":{"line":165,"column":56}},"type":"if","locations":[{"start":{"line":165,"column":12},"end":{"line":165,"column":56}},{"start":{},"end":{}}],"line":165},"46":{"loc":{"start":{"line":165,"column":16},"end":{"line":165,"column":45}},"type":"binary-expr","locations":[{"start":{"line":165,"column":16},"end":{"line":165,"column":18}},{"start":{"line":165,"column":22},"end":{"line":165,"column":45}}],"line":165},"47":{"loc":{"start":{"line":167,"column":12},"end":{"line":167,"column":131}},"type":"if","locations":[{"start":{"line":167,"column":12},"end":{"line":167,"column":131}},{"start":{},"end":{}}],"line":167},"48":{"loc":{"start":{"line":170,"column":16},"end":{"line":170,"column":39}},"type":"if","locations":[{"start":{"line":170,"column":16},"end":{"line":170,"column":39}},{"start":{},"end":{}}],"line":170},"49":{"loc":{"start":{"line":171,"column":16},"end":{"line":171,"column":48}},"type":"if","locations":[{"start":{"line":171,"column":16},"end":{"line":171,"column":48}},{"start":{},"end":{}}],"line":171},"50":{"loc":{"start":{"line":180,"column":62},"end":{"line":180,"column":74}},"type":"default-arg","locations":[{"start":{"line":180,"column":72},"end":{"line":180,"column":74}}],"line":180},"51":{"loc":{"start":{"line":182,"column":22},"end":{"line":184,"column":23}},"type":"cond-expr","locations":[{"start":{"line":183,"column":11},"end":{"line":183,"column":101}},{"start":{"line":184,"column":10},"end":{"line":184,"column":23}}],"line":182},"52":{"loc":{"start":{"line":182,"column":23},"end":{"line":182,"column":65}},"type":"binary-expr","locations":[{"start":{"line":182,"column":23},"end":{"line":182,"column":47}},{"start":{"line":182,"column":51},"end":{"line":182,"column":65}}],"line":182},"53":{"loc":{"start":{"line":183,"column":11},"end":{"line":183,"column":101}},"type":"cond-expr","locations":[{"start":{"line":183,"column":53},"end":{"line":183,"column":72}},{"start":{"line":183,"column":75},"end":{"line":183,"column":101}}],"line":183},"54":{"loc":{"start":{"line":187,"column":23},"end":{"line":187,"column":49}},"type":"binary-expr","locations":[{"start":{"line":187,"column":23},"end":{"line":187,"column":43}},{"start":{"line":187,"column":47},"end":{"line":187,"column":49}}],"line":187},"55":{"loc":{"start":{"line":193,"column":8},"end":{"line":193,"column":70}},"type":"if","locations":[{"start":{"line":193,"column":8},"end":{"line":193,"column":70}},{"start":{},"end":{}}],"line":193},"56":{"loc":{"start":{"line":204,"column":25},"end":{"line":204,"column":45}},"type":"binary-expr","locations":[{"start":{"line":204,"column":25},"end":{"line":204,"column":32}},{"start":{"line":204,"column":36},"end":{"line":204,"column":45}}],"line":204},"57":{"loc":{"start":{"line":205,"column":27},"end":{"line":205,"column":98}},"type":"cond-expr","locations":[{"start":{"line":205,"column":41},"end":{"line":205,"column":85}},{"start":{"line":205,"column":89},"end":{"line":205,"column":98}}],"line":205},"58":{"loc":{"start":{"line":209,"column":12},"end":{"line":211,"column":13}},"type":"if","locations":[{"start":{"line":209,"column":12},"end":{"line":211,"column":13}},{"start":{},"end":{}}],"line":209},"59":{"loc":{"start":{"line":218,"column":43},"end":{"line":218,"column":55}},"type":"default-arg","locations":[{"start":{"line":218,"column":53},"end":{"line":218,"column":55}}],"line":218}},"s":{"0":0,"1":0,"2":0,"3":0,"4":0,"5":0,"6":0,"7":0,"8":0,"9":0,"10":0,"11":0,"12":0,"13":0,"14":0,"15":0,"16":0,"17":0,"18":0,"19":0,"20":0,"21":0,"22":0,"23":0,"24":0,"25":0,"26":0,"27":0,"28":0,"29":0,"30":0,"31":0,"32":0,"33":0,"34":0,"35":0,"36":0,"37":0,"38":0,"39":0,"40":0,"41":0,"42":0,"43":0,"44":0,"45":0,"46":0,"47":0,"48":0,"49":0,"50":0,"51":0,"52":0,"53":0,"54":0,"55":0,"56":0,"57":0,"58":0,"59":0,"60":0,"61":0,"62":0,"63":0,"64":0,"65":0,"66":0,"67":0,"68":0,"69":0,"70":0,"71":0,"72":0,"73":0,"74":0,"75":0,"76":0,"77":0,"78":0,"79":0,"80":0,"81":0,"82":0,"83":0,"84":0,"85":0,"86":0,"87":0,"88":0,"89":0,"90":0,"91":0,"92":0,"93":0,"94":0,"95":0,"96":0,"97":0,"98":0,"99":0,"100":0,"101":0,"102":0,"103":0,"104":0,"105":0,"106":0,"107":0,"108":0,"109":0,"110":0,"111":0,"112":0,"113":0,"114":0,"115":0,"116":0,"117":0,"118":0,"119":0,"120":0,"121":0,"122":0,"123":0,"124":0,"125":0,"126":0,"127":0,"128":0,"129":0,"130":0},"f":{"0":0,"1":0,"2":0,"3":0,"4":0,"5":0,"6":0,"7":0,"8":0,"9":0,"10":0,"11":0,"12":0,"13":0,"14":0,"15":0},"b":{"0":[0,0],"1":[0,0],"2":[0,0],"3":[0,0],"4":[0,0],"5":[0,0],"6":[0,0],"7":[0,0],"8":[0,0],"9":[0,0],"10":[0,0],"11":[0,0],"12":[0,0],"13":[0,0],"14":[0,0],"15":[0,0],"16":[0,0],"17":[0,0],"18":[0,0],"19":[0,0],"20":[0,0],"21":[0,0],"22":[0,0],"23":[0,0],"24":[0,0],"25":[0,0],"26":[0,0],"27":[0,0],"28":[0,0],"29":[0,0],"30":[0],"31":[0,0],"32":[0,0],"33":[0,0],"34":[0,0],"35":[0,0],"36":[0,0],"37":[0,0],"38":[0,0],"39":[0,0],"40":[0,0],"41":[0,0],"42":[0,0],"43":[0,0],"44":[0,0],"45":[0,0],"46":[0,0],"47":[0,0],"48":[0,0],"49":[0,0],"50":[0],"51":[0,0],"52":[0,0],"53":[0,0],"54":[0,0],"55":[0,0],"56":[0,0],"57":[0,0],"58":[0,0],"59":[0]}}
,"D:\\AI\\synapse\\core\\memory_engine.js": {"path":"D:\\AI\\synapse\\core\\memory_engine.js","statementMap":{"0":{"start":{"line":14,"column":11},"end":{"line":14,"column":24}},"1":{"start":{"line":15,"column":13},"end":{"line":15,"column":28}},"2":{"start":{"line":16,"column":21},"end":{"line":16,"column":36}},"3":{"start":{"line":17,"column":17},"end":{"line":17,"column":38}},"4":{"start":{"line":18,"column":15},"end":{"line":18,"column":34}},"5":{"start":{"line":19,"column":20},"end":{"line":19,"column":48}},"6":{"start":{"line":20,"column":18},"end":{"line":20,"column":46}},"7":{"start":{"line":21,"column":12},"end":{"line":21,"column":46}},"8":{"start":{"line":23,"column":26},"end":{"line":23,"column":76}},"9":{"start":{"line":27,"column":8},"end":{"line":27,"column":23}},"10":{"start":{"line":28,"column":8},"end":{"line":28,"column":32}},"11":{"start":{"line":29,"column":8},"end":{"line":29,"column":29}},"12":{"start":{"line":30,"column":8},"end":{"line":30,"column":34}},"13":{"start":{"line":34,"column":8},"end":{"line":34,"column":33}},"14":{"start":{"line":37,"column":8},"end":{"line":51,"column":9}},"15":{"start":{"line":38,"column":36},"end":{"line":38,"column":61}},"16":{"start":{"line":39,"column":32},"end":{"line":39,"column":64}},"17":{"start":{"line":40,"column":12},"end":{"line":46,"column":13}},"18":{"start":{"line":41,"column":16},"end":{"line":41,"column":79}},"19":{"start":{"line":42,"column":16},"end":{"line":42,"column":76}},"20":{"start":{"line":44,"column":16},"end":{"line":44,"column":53}},"21":{"start":{"line":45,"column":16},"end":{"line":45,"column":61}},"22":{"start":{"line":47,"column":12},"end":{"line":47,"column":37}},"23":{"start":{"line":49,"column":12},"end":{"line":49,"column":82}},"24":{"start":{"line":50,"column":12},"end":{"line":50,"column":38}},"25":{"start":{"line":54,"column":8},"end":{"line":66,"column":9}},"26":{"start":{"line":55,"column":33},"end":{"line":55,"column":59}},"27":{"start":{"line":56,"column":30},"end":{"line":56,"column":57}},"28":{"start":{"line":57,"column":12},"end":{"line":57,"column":93}},"29":{"start":{"line":57,"column":48},"end":{"line":57,"column":83}},"30":{"start":{"line":58,"column":12},"end":{"line":62,"column":13}},"31":{"start":{"line":59,"column":16},"end":{"line":59,"column":116}},"32":{"start":{"line":61,"column":16},"end":{"line":61,"column":62}},"33":{"start":{"line":64,"column":12},"end":{"line":64,"column":61}},"34":{"start":{"line":65,"column":12},"end":{"line":65,"column":33}},"35":{"start":{"line":68,"column":23},"end":{"line":68,"column":80}},"36":{"start":{"line":69,"column":8},"end":{"line":69,"column":57}},"37":{"start":{"line":79,"column":19},"end":{"line":79,"column":46}},"38":{"start":{"line":80,"column":20},"end":{"line":80,"column":44}},"39":{"start":{"line":81,"column":21},"end":{"line":81,"column":71}},"40":{"start":{"line":83,"column":21},"end":{"line":86,"column":10}},"41":{"start":{"line":87,"column":8},"end":{"line":89,"column":48}},"42":{"start":{"line":92,"column":24},"end":{"line":92,"column":107}},"43":{"start":{"line":93,"column":8},"end":{"line":93,"column":53}},"44":{"start":{"line":93,"column":32},"end":{"line":93,"column":53}},"45":{"start":{"line":96,"column":8},"end":{"line":96,"column":39}},"46":{"start":{"line":98,"column":8},"end":{"line":98,"column":108}},"47":{"start":{"line":101,"column":8},"end":{"line":104,"column":9}},"48":{"start":{"line":102,"column":12},"end":{"line":103,"column":79}},"49":{"start":{"line":103,"column":16},"end":{"line":103,"column":77}},"50":{"start":{"line":106,"column":8},"end":{"line":106,"column":28}},"51":{"start":{"line":111,"column":23},"end":{"line":111,"column":49}},"52":{"start":{"line":112,"column":20},"end":{"line":112,"column":48}},"53":{"start":{"line":114,"column":20},"end":{"line":114,"column":44}},"54":{"start":{"line":115,"column":8},"end":{"line":120,"column":32}},"55":{"start":{"line":123,"column":8},"end":{"line":123,"column":49}},"56":{"start":{"line":124,"column":8},"end":{"line":124,"column":98}},"57":{"start":{"line":132,"column":8},"end":{"line":132,"column":57}},"58":{"start":{"line":132,"column":50},"end":{"line":132,"column":57}},"59":{"start":{"line":133,"column":20},"end":{"line":133,"column":94}},"60":{"start":{"line":134,"column":8},"end":{"line":134,"column":25}},"61":{"start":{"line":134,"column":18},"end":{"line":134,"column":25}},"62":{"start":{"line":135,"column":23},"end":{"line":135,"column":53}},"63":{"start":{"line":136,"column":20},"end":{"line":136,"column":48}},"64":{"start":{"line":139,"column":20},"end":{"line":139,"column":44}},"65":{"start":{"line":140,"column":8},"end":{"line":140,"column":84}},"66":{"start":{"line":141,"column":8},"end":{"line":144,"column":84}},"67":{"start":{"line":146,"column":8},"end":{"line":146,"column":49}},"68":{"start":{"line":147,"column":8},"end":{"line":147,"column":104}},"69":{"start":{"line":159,"column":8},"end":{"line":165,"column":9}},"70":{"start":{"line":160,"column":12},"end":{"line":164,"column":13}},"71":{"start":{"line":161,"column":16},"end":{"line":161,"column":61}},"72":{"start":{"line":163,"column":16},"end":{"line":163,"column":84}},"73":{"start":{"line":168,"column":8},"end":{"line":168,"column":48}},"74":{"start":{"line":173,"column":23},"end":{"line":173,"column":47}},"75":{"start":{"line":175,"column":24},"end":{"line":175,"column":65}},"76":{"start":{"line":176,"column":8},"end":{"line":179,"column":9}},"77":{"start":{"line":177,"column":12},"end":{"line":177,"column":68}},"78":{"start":{"line":178,"column":12},"end":{"line":178,"column":52}},"79":{"start":{"line":182,"column":21},"end":{"line":182,"column":44}},"80":{"start":{"line":182,"column":38},"end":{"line":182,"column":43}},"81":{"start":{"line":183,"column":29},"end":{"line":183,"column":58}},"82":{"start":{"line":183,"column":44},"end":{"line":183,"column":47}},"83":{"start":{"line":184,"column":21},"end":{"line":188,"column":23}},"84":{"start":{"line":191,"column":26},"end":{"line":191,"column":57}},"85":{"start":{"line":191,"column":43},"end":{"line":191,"column":56}},"86":{"start":{"line":192,"column":26},"end":{"line":192,"column":72}},"87":{"start":{"line":192,"column":51},"end":{"line":192,"column":70}},"88":{"start":{"line":193,"column":23},"end":{"line":201,"column":10}},"89":{"start":{"line":194,"column":25},"end":{"line":194,"column":64}},"90":{"start":{"line":195,"column":32},"end":{"line":195,"column":55}},"91":{"start":{"line":196,"column":25},"end":{"line":196,"column":53}},"92":{"start":{"line":197,"column":28},"end":{"line":197,"column":88}},"93":{"start":{"line":198,"column":30},"end":{"line":198,"column":57}},"94":{"start":{"line":199,"column":26},"end":{"line":199,"column":109}},"95":{"start":{"line":200,"column":12},"end":{"line":200,"column":84}},"96":{"start":{"line":203,"column":8},"end":{"line":203,"column":51}},"97":{"start":{"line":203,"column":30},"end":{"line":203,"column":49}},"98":{"start":{"line":204,"column":20},"end":{"line":204,"column":41}},"99":{"start":{"line":206,"column":8},"end":{"line":206,"column":100}},"100":{"start":{"line":207,"column":8},"end":{"line":207,"column":37}},"101":{"start":{"line":208,"column":8},"end":{"line":208,"column":51}},"102":{"start":{"line":208,"column":28},"end":{"line":208,"column":49}},"103":{"start":{"line":213,"column":22},"end":{"line":213,"column":59}},"104":{"start":{"line":214,"column":20},"end":{"line":214,"column":47}},"105":{"start":{"line":215,"column":8},"end":{"line":215,"column":44}},"106":{"start":{"line":215,"column":30},"end":{"line":215,"column":44}},"107":{"start":{"line":216,"column":8},"end":{"line":216,"column":48}},"108":{"start":{"line":216,"column":31},"end":{"line":216,"column":48}},"109":{"start":{"line":217,"column":8},"end":{"line":217,"column":36}},"110":{"start":{"line":219,"column":21},"end":{"line":219,"column":30}},"111":{"start":{"line":220,"column":19},"end":{"line":220,"column":63}},"112":{"start":{"line":221,"column":8},"end":{"line":221,"column":45}},"113":{"start":{"line":221,"column":30},"end":{"line":221,"column":45}},"114":{"start":{"line":223,"column":8},"end":{"line":229,"column":9}},"115":{"start":{"line":224,"column":27},"end":{"line":224,"column":60}},"116":{"start":{"line":225,"column":12},"end":{"line":228,"column":13}},"117":{"start":{"line":226,"column":16},"end":{"line":226,"column":70}},"118":{"start":{"line":226,"column":39},"end":{"line":226,"column":52}},"119":{"start":{"line":226,"column":53},"end":{"line":226,"column":68}},"120":{"start":{"line":227,"column":16},"end":{"line":227,"column":51}},"121":{"start":{"line":227,"column":45},"end":{"line":227,"column":51}},"122":{"start":{"line":231,"column":23},"end":{"line":238,"column":10}},"123":{"start":{"line":232,"column":25},"end":{"line":232,"column":53}},"124":{"start":{"line":233,"column":28},"end":{"line":233,"column":65}},"125":{"start":{"line":233,"column":45},"end":{"line":233,"column":57}},"126":{"start":{"line":234,"column":28},"end":{"line":234,"column":88}},"127":{"start":{"line":235,"column":30},"end":{"line":235,"column":57}},"128":{"start":{"line":236,"column":26},"end":{"line":236,"column":105}},"129":{"start":{"line":237,"column":12},"end":{"line":237,"column":57}},"130":{"start":{"line":240,"column":8},"end":{"line":240,"column":51}},"131":{"start":{"line":240,"column":30},"end":{"line":240,"column":49}},"132":{"start":{"line":241,"column":20},"end":{"line":241,"column":41}},"133":{"start":{"line":243,"column":8},"end":{"line":243,"column":37}},"134":{"start":{"line":244,"column":8},"end":{"line":244,"column":51}},"135":{"start":{"line":244,"column":28},"end":{"line":244,"column":49}},"136":{"start":{"line":251,"column":23},"end":{"line":251,"column":96}},"137":{"start":{"line":252,"column":8},"end":{"line":254,"column":9}},"138":{"start":{"line":253,"column":12},"end":{"line":253,"column":64}},"139":{"start":{"line":256,"column":8},"end":{"line":256,"column":80}},"140":{"start":{"line":256,"column":59},"end":{"line":256,"column":80}},"141":{"start":{"line":258,"column":8},"end":{"line":261,"column":9}},"142":{"start":{"line":259,"column":12},"end":{"line":259,"column":101}},"143":{"start":{"line":259,"column":28},"end":{"line":259,"column":54}},"144":{"start":{"line":259,"column":56},"end":{"line":259,"column":86}},"145":{"start":{"line":259,"column":70},"end":{"line":259,"column":86}},"146":{"start":{"line":260,"column":12},"end":{"line":260,"column":82}},"147":{"start":{"line":260,"column":48},"end":{"line":260,"column":82}},"148":{"start":{"line":262,"column":8},"end":{"line":262,"column":56}},"149":{"start":{"line":267,"column":27},"end":{"line":268,"column":101}},"150":{"start":{"line":269,"column":20},"end":{"line":269,"column":44}},"151":{"start":{"line":270,"column":8},"end":{"line":270,"column":60}},"152":{"start":{"line":270,"column":34},"end":{"line":270,"column":60}},"153":{"start":{"line":275,"column":8},"end":{"line":279,"column":10}},"154":{"start":{"line":284,"column":8},"end":{"line":284,"column":45}},"155":{"start":{"line":284,"column":35},"end":{"line":284,"column":45}},"156":{"start":{"line":285,"column":28},"end":{"line":285,"column":94}},"157":{"start":{"line":285,"column":47},"end":{"line":285,"column":80}},"158":{"start":{"line":286,"column":23},"end":{"line":286,"column":76}},"159":{"start":{"line":286,"column":45},"end":{"line":286,"column":75}},"160":{"start":{"line":287,"column":8},"end":{"line":292,"column":33}},"161":{"start":{"line":297,"column":8},"end":{"line":301,"column":22}},"162":{"start":{"line":306,"column":31},"end":{"line":306,"column":64}},"163":{"start":{"line":307,"column":24},"end":{"line":307,"column":39}},"164":{"start":{"line":308,"column":8},"end":{"line":308,"column":56}},"165":{"start":{"line":308,"column":40},"end":{"line":308,"column":56}},"166":{"start":{"line":309,"column":8},"end":{"line":309,"column":55}},"167":{"start":{"line":309,"column":40},"end":{"line":309,"column":55}},"168":{"start":{"line":313,"column":19},"end":{"line":313,"column":49}},"169":{"start":{"line":314,"column":19},"end":{"line":314,"column":52}},"170":{"start":{"line":315,"column":8},"end":{"line":315,"column":57}},"171":{"start":{"line":319,"column":20},"end":{"line":319,"column":44}},"172":{"start":{"line":320,"column":21},"end":{"line":324,"column":10}},"173":{"start":{"line":325,"column":8},"end":{"line":330,"column":9}},"174":{"start":{"line":325,"column":21},"end":{"line":325,"column":22}},"175":{"start":{"line":326,"column":12},"end":{"line":329,"column":13}},"176":{"start":{"line":326,"column":25},"end":{"line":326,"column":30}},"177":{"start":{"line":327,"column":31},"end":{"line":327,"column":90}},"178":{"start":{"line":328,"column":16},"end":{"line":328,"column":41}},"179":{"start":{"line":337,"column":8},"end":{"line":337,"column":78}},"180":{"start":{"line":338,"column":8},"end":{"line":338,"column":79}},"181":{"start":{"line":339,"column":8},"end":{"line":339,"column":69}},"182":{"start":{"line":340,"column":8},"end":{"line":340,"column":42}},"183":{"start":{"line":346,"column":27},"end":{"line":346,"column":29}},"184":{"start":{"line":347,"column":23},"end":{"line":347,"column":25}},"185":{"start":{"line":348,"column":8},"end":{"line":348,"column":72}},"186":{"start":{"line":348,"column":21},"end":{"line":348,"column":50}},"187":{"start":{"line":348,"column":51},"end":{"line":348,"column":70}},"188":{"start":{"line":349,"column":8},"end":{"line":353,"column":9}},"189":{"start":{"line":350,"column":28},"end":{"line":350,"column":43}},"190":{"start":{"line":351,"column":12},"end":{"line":351,"column":87}},"191":{"start":{"line":351,"column":52},"end":{"line":351,"column":65}},"192":{"start":{"line":352,"column":12},"end":{"line":352,"column":68}},"193":{"start":{"line":352,"column":33},"end":{"line":352,"column":66}},"194":{"start":{"line":354,"column":8},"end":{"line":354,"column":81}},"195":{"start":{"line":354,"column":17},"end":{"line":354,"column":51}},"196":{"start":{"line":354,"column":52},"end":{"line":354,"column":79}},"197":{"start":{"line":355,"column":22},"end":{"line":355,"column":86}},"198":{"start":{"line":356,"column":21},"end":{"line":358,"column":42}},"199":{"start":{"line":359,"column":8},"end":{"line":359,"column":75}},"200":{"start":{"line":359,"column":30},"end":{"line":359,"column":72}},"201":{"start":{"line":365,"column":23},"end":{"line":365,"column":25}},"202":{"start":{"line":366,"column":23},"end":{"line":366,"column":25}},"203":{"start":{"line":367,"column":8},"end":{"line":367,"column":104}},"204":{"start":{"line":367,"column":45},"end":{"line":367,"column":72}},"205":{"start":{"line":367,"column":73},"end":{"line":367,"column":102}},"206":{"start":{"line":368,"column":8},"end":{"line":368,"column":104}},"207":{"start":{"line":368,"column":45},"end":{"line":368,"column":72}},"208":{"start":{"line":368,"column":73},"end":{"line":368,"column":102}},"209":{"start":{"line":369,"column":8},"end":{"line":374,"column":9}},"210":{"start":{"line":370,"column":12},"end":{"line":370,"column":36}},"211":{"start":{"line":370,"column":37},"end":{"line":370,"column":79}},"212":{"start":{"line":371,"column":12},"end":{"line":371,"column":83}},"213":{"start":{"line":372,"column":28},"end":{"line":372,"column":111}},"214":{"start":{"line":373,"column":12},"end":{"line":373,"column":65}},"215":{"start":{"line":373,"column":44},"end":{"line":373,"column":65}},"216":{"start":{"line":375,"column":8},"end":{"line":375,"column":113}},"217":{"start":{"line":375,"column":48},"end":{"line":375,"column":78}},"218":{"start":{"line":375,"column":79},"end":{"line":375,"column":111}},"219":{"start":{"line":376,"column":8},"end":{"line":376,"column":63}},"220":{"start":{"line":376,"column":33},"end":{"line":376,"column":63}},"221":{"start":{"line":378,"column":8},"end":{"line":378,"column":38}},"222":{"start":{"line":379,"column":8},"end":{"line":379,"column":46}},"223":{"start":{"line":380,"column":8},"end":{"line":380,"column":24}},"224":{"start":{"line":381,"column":23},"end":{"line":382,"column":83}},"225":{"start":{"line":383,"column":8},"end":{"line":383,"column":77}},"226":{"start":{"line":386,"column":8},"end":{"line":388,"column":9}},"227":{"start":{"line":387,"column":12},"end":{"line":387,"column":95}},"228":{"start":{"line":387,"column":40},"end":{"line":387,"column":93}},"229":{"start":{"line":390,"column":8},"end":{"line":390,"column":51}},"230":{"start":{"line":395,"column":8},"end":{"line":395,"column":45}},"231":{"start":{"line":395,"column":35},"end":{"line":395,"column":45}},"232":{"start":{"line":396,"column":8},"end":{"line":397,"column":76}},"233":{"start":{"line":397,"column":30},"end":{"line":397,"column":56}},"234":{"start":{"line":401,"column":0},"end":{"line":401,"column":36}}},"fnMap":{"0":{"name":"(anonymous_0)","decl":{"start":{"line":26,"column":4},"end":{"line":26,"column":5}},"loc":{"start":{"line":26,"column":18},"end":{"line":31,"column":5}},"line":26},"1":{"name":"(anonymous_1)","decl":{"start":{"line":33,"column":4},"end":{"line":33,"column":5}},"loc":{"start":{"line":33,"column":11},"end":{"line":70,"column":5}},"line":33},"2":{"name":"(anonymous_2)","decl":{"start":{"line":57,"column":43},"end":{"line":57,"column":44}},"loc":{"start":{"line":57,"column":48},"end":{"line":57,"column":83}},"line":57},"3":{"name":"(anonymous_3)","decl":{"start":{"line":78,"column":4},"end":{"line":78,"column":5}},"loc":{"start":{"line":78,"column":20},"end":{"line":107,"column":5}},"line":78},"4":{"name":"(anonymous_4)","decl":{"start":{"line":102,"column":55},"end":{"line":102,"column":56}},"loc":{"start":{"line":103,"column":16},"end":{"line":103,"column":77}},"line":103},"5":{"name":"(anonymous_5)","decl":{"start":{"line":110,"column":4},"end":{"line":110,"column":5}},"loc":{"start":{"line":110,"column":42},"end":{"line":125,"column":5}},"line":110},"6":{"name":"(anonymous_6)","decl":{"start":{"line":131,"column":4},"end":{"line":131,"column":5}},"loc":{"start":{"line":131,"column":28},"end":{"line":148,"column":5}},"line":131},"7":{"name":"(anonymous_7)","decl":{"start":{"line":157,"column":4},"end":{"line":157,"column":5}},"loc":{"start":{"line":157,"column":34},"end":{"line":169,"column":5}},"line":157},"8":{"name":"(anonymous_8)","decl":{"start":{"line":172,"column":4},"end":{"line":172,"column":5}},"loc":{"start":{"line":172,"column":37},"end":{"line":209,"column":5}},"line":172},"9":{"name":"(anonymous_9)","decl":{"start":{"line":182,"column":33},"end":{"line":182,"column":34}},"loc":{"start":{"line":182,"column":38},"end":{"line":182,"column":43}},"line":182},"10":{"name":"(anonymous_10)","decl":{"start":{"line":183,"column":38},"end":{"line":183,"column":39}},"loc":{"start":{"line":183,"column":44},"end":{"line":183,"column":47}},"line":183},"11":{"name":"(anonymous_11)","decl":{"start":{"line":191,"column":38},"end":{"line":191,"column":39}},"loc":{"start":{"line":191,"column":43},"end":{"line":191,"column":56}},"line":191},"12":{"name":"(anonymous_12)","decl":{"start":{"line":192,"column":46},"end":{"line":192,"column":47}},"loc":{"start":{"line":192,"column":51},"end":{"line":192,"column":70}},"line":192},"13":{"name":"(anonymous_13)","decl":{"start":{"line":193,"column":37},"end":{"line":193,"column":38}},"loc":{"start":{"line":193,"column":44},"end":{"line":201,"column":9}},"line":193},"14":{"name":"(anonymous_14)","decl":{"start":{"line":203,"column":20},"end":{"line":203,"column":21}},"loc":{"start":{"line":203,"column":30},"end":{"line":203,"column":49}},"line":203},"15":{"name":"(anonymous_15)","decl":{"start":{"line":208,"column":23},"end":{"line":208,"column":24}},"loc":{"start":{"line":208,"column":28},"end":{"line":208,"column":49}},"line":208},"16":{"name":"(anonymous_16)","decl":{"start":{"line":212,"column":4},"end":{"line":212,"column":5}},"loc":{"start":{"line":212,"column":36},"end":{"line":245,"column":5}},"line":212},"17":{"name":"(anonymous_17)","decl":{"start":{"line":231,"column":32},"end":{"line":231,"column":33}},"loc":{"start":{"line":231,"column":39},"end":{"line":238,"column":9}},"line":231},"18":{"name":"(anonymous_18)","decl":{"start":{"line":233,"column":40},"end":{"line":233,"column":41}},"loc":{"start":{"line":233,"column":45},"end":{"line":233,"column":57}},"line":233},"19":{"name":"(anonymous_19)","decl":{"start":{"line":240,"column":20},"end":{"line":240,"column":21}},"loc":{"start":{"line":240,"column":30},"end":{"line":240,"column":49}},"line":240},"20":{"name":"(anonymous_20)","decl":{"start":{"line":244,"column":23},"end":{"line":244,"column":24}},"loc":{"start":{"line":244,"column":28},"end":{"line":244,"column":49}},"line":244},"21":{"name":"(anonymous_21)","decl":{"start":{"line":250,"column":4},"end":{"line":250,"column":5}},"loc":{"start":{"line":250,"column":23},"end":{"line":263,"column":5}},"line":250},"22":{"name":"(anonymous_22)","decl":{"start":{"line":266,"column":4},"end":{"line":266,"column":5}},"loc":{"start":{"line":266,"column":33},"end":{"line":271,"column":5}},"line":266},"23":{"name":"(anonymous_23)","decl":{"start":{"line":274,"column":4},"end":{"line":274,"column":5}},"loc":{"start":{"line":274,"column":21},"end":{"line":280,"column":5}},"line":274},"24":{"name":"(anonymous_24)","decl":{"start":{"line":283,"column":4},"end":{"line":283,"column":5}},"loc":{"start":{"line":283,"column":39},"end":{"line":293,"column":5}},"line":283},"25":{"name":"(anonymous_25)","decl":{"start":{"line":285,"column":41},"end":{"line":285,"column":42}},"loc":{"start":{"line":285,"column":47},"end":{"line":285,"column":80}},"line":285},"26":{"name":"(anonymous_26)","decl":{"start":{"line":286,"column":40},"end":{"line":286,"column":41}},"loc":{"start":{"line":286,"column":45},"end":{"line":286,"column":75}},"line":286},"27":{"name":"(anonymous_27)","decl":{"start":{"line":296,"column":4},"end":{"line":296,"column":5}},"loc":{"start":{"line":296,"column":30},"end":{"line":302,"column":5}},"line":296},"28":{"name":"(anonymous_28)","decl":{"start":{"line":305,"column":4},"end":{"line":305,"column":5}},"loc":{"start":{"line":305,"column":27},"end":{"line":310,"column":5}},"line":305},"29":{"name":"(anonymous_29)","decl":{"start":{"line":312,"column":4},"end":{"line":312,"column":5}},"loc":{"start":{"line":312,"column":27},"end":{"line":316,"column":5}},"line":312},"30":{"name":"(anonymous_30)","decl":{"start":{"line":318,"column":4},"end":{"line":318,"column":5}},"loc":{"start":{"line":318,"column":30},"end":{"line":331,"column":5}},"line":318},"31":{"name":"(anonymous_31)","decl":{"start":{"line":335,"column":4},"end":{"line":335,"column":5}},"loc":{"start":{"line":335,"column":15},"end":{"line":341,"column":5}},"line":335},"32":{"name":"(anonymous_32)","decl":{"start":{"line":345,"column":4},"end":{"line":345,"column":5}},"loc":{"start":{"line":345,"column":58},"end":{"line":360,"column":5}},"line":345},"33":{"name":"(anonymous_33)","decl":{"start":{"line":351,"column":46},"end":{"line":351,"column":47}},"loc":{"start":{"line":351,"column":52},"end":{"line":351,"column":65}},"line":351},"34":{"name":"(anonymous_34)","decl":{"start":{"line":352,"column":28},"end":{"line":352,"column":29}},"loc":{"start":{"line":352,"column":33},"end":{"line":352,"column":66}},"line":352},"35":{"name":"(anonymous_35)","decl":{"start":{"line":359,"column":24},"end":{"line":359,"column":25}},"loc":{"start":{"line":359,"column":30},"end":{"line":359,"column":72}},"line":359},"36":{"name":"(anonymous_36)","decl":{"start":{"line":364,"column":4},"end":{"line":364,"column":5}},"loc":{"start":{"line":364,"column":24},"end":{"line":391,"column":5}},"line":364},"37":{"name":"(anonymous_37)","decl":{"start":{"line":387,"column":35},"end":{"line":387,"column":36}},"loc":{"start":{"line":387,"column":40},"end":{"line":387,"column":93}},"line":387},"38":{"name":"(anonymous_38)","decl":{"start":{"line":394,"column":4},"end":{"line":394,"column":5}},"loc":{"start":{"line":394,"column":31},"end":{"line":398,"column":5}},"line":394},"39":{"name":"(anonymous_39)","decl":{"start":{"line":397,"column":25},"end":{"line":397,"column":26}},"loc":{"start":{"line":397,"column":30},"end":{"line":397,"column":56}},"line":397}},"branchMap":{"0":{"loc":{"start":{"line":40,"column":12},"end":{"line":46,"column":13}},"type":"if","locations":[{"start":{"line":40,"column":12},"end":{"line":46,"column":13}},{"start":{"line":43,"column":19},"end":{"line":46,"column":13}}],"line":40},"1":{"loc":{"start":{"line":57,"column":28},"end":{"line":57,"column":92}},"type":"binary-expr","locations":[{"start":{"line":57,"column":28},"end":{"line":57,"column":84}},{"start":{"line":57,"column":88},"end":{"line":57,"column":92}}],"line":57},"2":{"loc":{"start":{"line":58,"column":12},"end":{"line":62,"column":13}},"type":"if","locations":[{"start":{"line":58,"column":12},"end":{"line":62,"column":13}},{"start":{"line":60,"column":19},"end":{"line":62,"column":13}}],"line":58},"3":{"loc":{"start":{"line":59,"column":68},"end":{"line":59,"column":107}},"type":"binary-expr","locations":[{"start":{"line":59,"column":68},"end":{"line":59,"column":94}},{"start":{"line":59,"column":98},"end":{"line":59,"column":107}}],"line":59},"4":{"loc":{"start":{"line":68,"column":23},"end":{"line":68,"column":80}},"type":"cond-expr","locations":[{"start":{"line":68,"column":43},"end":{"line":68,"column":57}},{"start":{"line":68,"column":60},"end":{"line":68,"column":80}}],"line":68},"5":{"loc":{"start":{"line":81,"column":21},"end":{"line":81,"column":71}},"type":"binary-expr","locations":[{"start":{"line":81,"column":21},"end":{"line":81,"column":31}},{"start":{"line":81,"column":35},"end":{"line":81,"column":71}}],"line":81},"6":{"loc":{"start":{"line":87,"column":36},"end":{"line":87,"column":80}},"type":"binary-expr","locations":[{"start":{"line":87,"column":36},"end":{"line":87,"column":49}},{"start":{"line":87,"column":53},"end":{"line":87,"column":80}}],"line":87},"7":{"loc":{"start":{"line":88,"column":12},"end":{"line":88,"column":42}},"type":"binary-expr","locations":[{"start":{"line":88,"column":12},"end":{"line":88,"column":24}},{"start":{"line":88,"column":28},"end":{"line":88,"column":42}}],"line":88},"8":{"loc":{"start":{"line":89,"column":12},"end":{"line":89,"column":35}},"type":"binary-expr","locations":[{"start":{"line":89,"column":12},"end":{"line":89,"column":28}},{"start":{"line":89,"column":32},"end":{"line":89,"column":35}}],"line":89},"9":{"loc":{"start":{"line":101,"column":8},"end":{"line":104,"column":9}},"type":"if","locations":[{"start":{"line":101,"column":8},"end":{"line":104,"column":9}},{"start":{},"end":{}}],"line":101},"10":{"loc":{"start":{"line":101,"column":12},"end":{"line":101,"column":46}},"type":"binary-expr","locations":[{"start":{"line":101,"column":12},"end":{"line":101,"column":29}},{"start":{"line":101,"column":33},"end":{"line":101,"column":46}}],"line":101},"11":{"loc":{"start":{"line":119,"column":12},"end":{"line":119,"column":44}},"type":"binary-expr","locations":[{"start":{"line":119,"column":12},"end":{"line":119,"column":38}},{"start":{"line":119,"column":42},"end":{"line":119,"column":44}}],"line":119},"12":{"loc":{"start":{"line":132,"column":8},"end":{"line":132,"column":57}},"type":"if","locations":[{"start":{"line":132,"column":8},"end":{"line":132,"column":57}},{"start":{},"end":{}}],"line":132},"13":{"loc":{"start":{"line":132,"column":12},"end":{"line":132,"column":48}},"type":"binary-expr","locations":[{"start":{"line":132,"column":12},"end":{"line":132,"column":30}},{"start":{"line":132,"column":34},"end":{"line":132,"column":48}}],"line":132},"14":{"loc":{"start":{"line":134,"column":8},"end":{"line":134,"column":25}},"type":"if","locations":[{"start":{"line":134,"column":8},"end":{"line":134,"column":25}},{"start":{},"end":{}}],"line":134},"15":{"loc":{"start":{"line":144,"column":30},"end":{"line":144,"column":62}},"type":"binary-expr","locations":[{"start":{"line":144,"column":30},"end":{"line":144,"column":56}},{"start":{"line":144,"column":60},"end":{"line":144,"column":62}}],"line":144},"16":{"loc":{"start":{"line":157,"column":24},"end":{"line":157,"column":32}},"type":"default-arg","locations":[{"start":{"line":157,"column":31},"end":{"line":157,"column":32}}],"line":157},"17":{"loc":{"start":{"line":159,"column":8},"end":{"line":165,"column":9}},"type":"if","locations":[{"start":{"line":159,"column":8},"end":{"line":165,"column":9}},{"start":{},"end":{}}],"line":159},"18":{"loc":{"start":{"line":159,"column":12},"end":{"line":159,"column":46}},"type":"binary-expr","locations":[{"start":{"line":159,"column":12},"end":{"line":159,"column":29}},{"start":{"line":159,"column":33},"end":{"line":159,"column":46}}],"line":159},"19":{"loc":{"start":{"line":176,"column":8},"end":{"line":179,"column":9}},"type":"if","locations":[{"start":{"line":176,"column":8},"end":{"line":179,"column":9}},{"start":{},"end":{}}],"line":176},"20":{"loc":{"start":{"line":176,"column":12},"end":{"line":176,"column":44}},"type":"binary-expr","locations":[{"start":{"line":176,"column":12},"end":{"line":176,"column":20}},{"start":{"line":176,"column":24},"end":{"line":176,"column":44}}],"line":176},"21":{"loc":{"start":{"line":194,"column":25},"end":{"line":194,"column":64}},"type":"binary-expr","locations":[{"start":{"line":194,"column":25},"end":{"line":194,"column":57}},{"start":{"line":194,"column":61},"end":{"line":194,"column":64}}],"line":194},"22":{"loc":{"start":{"line":196,"column":36},"end":{"line":196,"column":52}},"type":"binary-expr","locations":[{"start":{"line":196,"column":36},"end":{"line":196,"column":44}},{"start":{"line":196,"column":48},"end":{"line":196,"column":52}}],"line":196},"23":{"loc":{"start":{"line":212,"column":26},"end":{"line":212,"column":34}},"type":"default-arg","locations":[{"start":{"line":212,"column":33},"end":{"line":212,"column":34}}],"line":212},"24":{"loc":{"start":{"line":214,"column":20},"end":{"line":214,"column":47}},"type":"binary-expr","locations":[{"start":{"line":214,"column":20},"end":{"line":214,"column":41}},{"start":{"line":214,"column":45},"end":{"line":214,"column":47}}],"line":214},"25":{"loc":{"start":{"line":216,"column":8},"end":{"line":216,"column":48}},"type":"if","locations":[{"start":{"line":216,"column":8},"end":{"line":216,"column":48}},{"start":{},"end":{}}],"line":216},"26":{"loc":{"start":{"line":223,"column":8},"end":{"line":229,"column":9}},"type":"if","locations":[{"start":{"line":223,"column":8},"end":{"line":229,"column":9}},{"start":{},"end":{}}],"line":223},"27":{"loc":{"start":{"line":226,"column":16},"end":{"line":226,"column":70}},"type":"if","locations":[{"start":{"line":226,"column":16},"end":{"line":226,"column":70}},{"start":{},"end":{}}],"line":226},"28":{"loc":{"start":{"line":227,"column":16},"end":{"line":227,"column":51}},"type":"if","locations":[{"start":{"line":227,"column":16},"end":{"line":227,"column":51}},{"start":{},"end":{}}],"line":227},"29":{"loc":{"start":{"line":232,"column":36},"end":{"line":232,"column":52}},"type":"binary-expr","locations":[{"start":{"line":232,"column":36},"end":{"line":232,"column":44}},{"start":{"line":232,"column":48},"end":{"line":232,"column":52}}],"line":232},"30":{"loc":{"start":{"line":252,"column":8},"end":{"line":254,"column":9}},"type":"if","locations":[{"start":{"line":252,"column":8},"end":{"line":254,"column":9}},{"start":{},"end":{}}],"line":252},"31":{"loc":{"start":{"line":253,"column":28},"end":{"line":253,"column":62}},"type":"binary-expr","locations":[{"start":{"line":253,"column":28},"end":{"line":253,"column":40}},{"start":{"line":253,"column":44},"end":{"line":253,"column":62}}],"line":253},"32":{"loc":{"start":{"line":256,"column":8},"end":{"line":256,"column":80}},"type":"if","locations":[{"start":{"line":256,"column":8},"end":{"line":256,"column":80}},{"start":{},"end":{}}],"line":256},"33":{"loc":{"start":{"line":256,"column":12},"end":{"line":256,"column":57}},"type":"binary-expr","locations":[{"start":{"line":256,"column":12},"end":{"line":256,"column":25}},{"start":{"line":256,"column":29},"end":{"line":256,"column":57}}],"line":256},"34":{"loc":{"start":{"line":258,"column":8},"end":{"line":261,"column":9}},"type":"if","locations":[{"start":{"line":258,"column":8},"end":{"line":261,"column":9}},{"start":{},"end":{}}],"line":258},"35":{"loc":{"start":{"line":259,"column":56},"end":{"line":259,"column":86}},"type":"if","locations":[{"start":{"line":259,"column":56},"end":{"line":259,"column":86}},{"start":{},"end":{}}],"line":259},"36":{"loc":{"start":{"line":260,"column":12},"end":{"line":260,"column":82}},"type":"if","locations":[{"start":{"line":260,"column":12},"end":{"line":260,"column":82}},{"start":{},"end":{}}],"line":260},"37":{"loc":{"start":{"line":277,"column":29},"end":{"line":277,"column":43}},"type":"binary-expr","locations":[{"start":{"line":277,"column":29},"end":{"line":277,"column":35}},{"start":{"line":277,"column":39},"end":{"line":277,"column":43}}],"line":277},"38":{"loc":{"start":{"line":284,"column":8},"end":{"line":284,"column":45}},"type":"if","locations":[{"start":{"line":284,"column":8},"end":{"line":284,"column":45}},{"start":{},"end":{}}],"line":284},"39":{"loc":{"start":{"line":306,"column":31},"end":{"line":306,"column":64}},"type":"binary-expr","locations":[{"start":{"line":306,"column":31},"end":{"line":306,"column":45}},{"start":{"line":306,"column":49},"end":{"line":306,"column":64}}],"line":306},"40":{"loc":{"start":{"line":308,"column":8},"end":{"line":308,"column":56}},"type":"if","locations":[{"start":{"line":308,"column":8},"end":{"line":308,"column":56}},{"start":{},"end":{}}],"line":308},"41":{"loc":{"start":{"line":308,"column":12},"end":{"line":308,"column":38}},"type":"binary-expr","locations":[{"start":{"line":308,"column":12},"end":{"line":308,"column":26}},{"start":{"line":308,"column":30},"end":{"line":308,"column":38}}],"line":308},"42":{"loc":{"start":{"line":309,"column":8},"end":{"line":309,"column":55}},"type":"if","locations":[{"start":{"line":309,"column":8},"end":{"line":309,"column":55}},{"start":{},"end":{}}],"line":309},"43":{"loc":{"start":{"line":309,"column":12},"end":{"line":309,"column":38}},"type":"binary-expr","locations":[{"start":{"line":309,"column":12},"end":{"line":309,"column":19}},{"start":{"line":309,"column":23},"end":{"line":309,"column":38}}],"line":309},"44":{"loc":{"start":{"line":313,"column":19},"end":{"line":313,"column":49}},"type":"binary-expr","locations":[{"start":{"line":313,"column":19},"end":{"line":313,"column":43}},{"start":{"line":313,"column":47},"end":{"line":313,"column":49}}],"line":313},"45":{"loc":{"start":{"line":314,"column":19},"end":{"line":314,"column":52}},"type":"binary-expr","locations":[{"start":{"line":314,"column":19},"end":{"line":314,"column":46}},{"start":{"line":314,"column":50},"end":{"line":314,"column":52}}],"line":314},"46":{"loc":{"start":{"line":327,"column":31},"end":{"line":327,"column":90}},"type":"cond-expr","locations":[{"start":{"line":327,"column":51},"end":{"line":327,"column":69}},{"start":{"line":327,"column":72},"end":{"line":327,"column":90}}],"line":327},"47":{"loc":{"start":{"line":345,"column":9},"end":{"line":345,"column":56}},"type":"default-arg","locations":[{"start":{"line":345,"column":54},"end":{"line":345,"column":56}}],"line":345},"48":{"loc":{"start":{"line":345,"column":27},"end":{"line":345,"column":37}},"type":"default-arg","locations":[{"start":{"line":345,"column":35},"end":{"line":345,"column":37}}],"line":345},"49":{"loc":{"start":{"line":345,"column":39},"end":{"line":345,"column":49}},"type":"default-arg","locations":[{"start":{"line":345,"column":48},"end":{"line":345,"column":49}}],"line":345},"50":{"loc":{"start":{"line":348,"column":8},"end":{"line":348,"column":72}},"type":"if","locations":[{"start":{"line":348,"column":8},"end":{"line":348,"column":72}},{"start":{},"end":{}}],"line":348},"51":{"loc":{"start":{"line":349,"column":8},"end":{"line":353,"column":9}},"type":"if","locations":[{"start":{"line":349,"column":8},"end":{"line":353,"column":9}},{"start":{},"end":{}}],"line":349},"52":{"loc":{"start":{"line":354,"column":8},"end":{"line":354,"column":81}},"type":"if","locations":[{"start":{"line":354,"column":8},"end":{"line":354,"column":81}},{"start":{},"end":{}}],"line":354},"53":{"loc":{"start":{"line":355,"column":22},"end":{"line":355,"column":86}},"type":"cond-expr","locations":[{"start":{"line":355,"column":46},"end":{"line":355,"column":81}},{"start":{"line":355,"column":84},"end":{"line":355,"column":86}}],"line":355},"54":{"loc":{"start":{"line":359,"column":55},"end":{"line":359,"column":69}},"type":"binary-expr","locations":[{"start":{"line":359,"column":55},"end":{"line":359,"column":61}},{"start":{"line":359,"column":65},"end":{"line":359,"column":69}}],"line":359},"55":{"loc":{"start":{"line":367,"column":8},"end":{"line":367,"column":104}},"type":"if","locations":[{"start":{"line":367,"column":8},"end":{"line":367,"column":104}},{"start":{},"end":{}}],"line":367},"56":{"loc":{"start":{"line":368,"column":8},"end":{"line":368,"column":104}},"type":"if","locations":[{"start":{"line":368,"column":8},"end":{"line":368,"column":104}},{"start":{},"end":{}}],"line":368},"57":{"loc":{"start":{"line":369,"column":8},"end":{"line":374,"column":9}},"type":"if","locations":[{"start":{"line":369,"column":8},"end":{"line":374,"column":9}},{"start":{},"end":{}}],"line":369},"58":{"loc":{"start":{"line":375,"column":8},"end":{"line":375,"column":113}},"type":"if","locations":[{"start":{"line":375,"column":8},"end":{"line":375,"column":113}},{"start":{},"end":{}}],"line":375},"59":{"loc":{"start":{"line":376,"column":8},"end":{"line":376,"column":63}},"type":"if","locations":[{"start":{"line":376,"column":8},"end":{"line":376,"column":63}},{"start":{},"end":{}}],"line":376},"60":{"loc":{"start":{"line":386,"column":8},"end":{"line":388,"column":9}},"type":"if","locations":[{"start":{"line":386,"column":8},"end":{"line":388,"column":9}},{"start":{},"end":{}}],"line":386},"61":{"loc":{"start":{"line":395,"column":8},"end":{"line":395,"column":45}},"type":"if","locations":[{"start":{"line":395,"column":8},"end":{"line":395,"column":45}},{"start":{},"end":{}}],"line":395}},"s":{"0":16,"1":16,"2":16,"3":16,"4":16,"5":16,"6":16,"7":16,"8":16,"9":16,"10":16,"11":16,"12":16,"13":0,"14":0,"15":0,"16":0,"17":0,"18":0,"19":0,"20":0,"21":0,"22":0,"23":0,"24":0,"25":0,"26":0,"27":0,"28":0,"29":0,"30":0,"31":0,"32":0,"33":0,"34":0,"35":0,"36":0,"37":27,"38":27,"39":27,"40":27,"41":27,"42":27,"43":27,"44":28,"45":27,"46":27,"47":27,"48":0,"49":0,"50":27,"51":0,"52":0,"53":0,"54":0,"55":0,"56":0,"57":1,"58":1,"59":0,"60":0,"61":0,"62":0,"63":0,"64":0,"65":0,"66":0,"67":0,"68":0,"69":2,"70":0,"71":0,"72":0,"73":2,"74":0,"75":0,"76":0,"77":0,"78":0,"79":0,"80":0,"81":0,"82":0,"83":0,"84":0,"85":0,"86":0,"87":0,"88":0,"89":0,"90":0,"91":0,"92":0,"93":0,"94":0,"95":0,"96":0,"97":0,"98":0,"99":0,"100":0,"101":0,"102":0,"103":2,"104":2,"105":2,"106":9,"107":2,"108":2,"109":2,"110":2,"111":2,"112":2,"113":2,"114":2,"115":2,"116":2,"117":4,"118":2,"119":2,"120":4,"121":0,"122":2,"123":4,"124":4,"125":4,"126":4,"127":4,"128":4,"129":4,"130":2,"131":2,"132":2,"133":2,"134":2,"135":4,"136":0,"137":0,"138":0,"139":0,"140":0,"141":0,"142":0,"143":0,"144":0,"145":0,"146":0,"147":0,"148":0,"149":2,"150":2,"151":2,"152":4,"153":4,"154":2,"155":0,"156":2,"157":12,"158":2,"159":12,"160":2,"161":2,"162":2,"163":2,"164":2,"165":1,"166":2,"167":0,"168":22,"169":22,"170":22,"171":27,"172":27,"173":27,"174":27,"175":28,"176":28,"177":1,"178":1,"179":
[...]
2,"column":37}},"7":{"start":{"line":24,"column":18},"end":{"line":24,"column":56}},"8":{"start":{"line":25,"column":8},"end":{"line":41,"column":9}},"9":{"start":{"line":26,"column":12},"end":{"line":26,"column":105}},"10":{"start":{"line":27,"column":23},"end":{"line":27,"column":33}},"11":{"start":{"line":28,"column":12},"end":{"line":40,"column":13}},"12":{"start":{"line":29,"column":26},"end":{"line":33,"column":18}},"13":{"start":{"line":32,"column":41},"end":{"line":32,"column":48}},"14":{"start":{"line":34,"column":16},"end":{"line":34,"column":61}},"15":{"start":{"line":35,"column":16},"end":{"line":36,"column":86}},"16":{"start":{"line":38,"column":16},"end":{"line":38,"column":61}},"17":{"start":{"line":39,"column":16},"end":{"line":39,"column":55}},"18":{"start":{"line":44,"column":4},"end":{"line":44,"column":21}},"19":{"start":{"line":47,"column":0},"end":{"line":47,"column":24}}},"fnMap":{"0":{"name":"(anonymous_0)","decl":{"start":{"line":14,"column":22},"end":{"line":14,"column":23}},"loc":{"start":{"line":14,"column":43},"end":{"line":45,"column":1}},"line":14},"1":{"name":"(anonymous_1)","decl":{"start":{"line":32,"column":36},"end":{"line":32,"column":37}},"loc":{"start":{"line":32,"column":41},"end":{"line":32,"column":48}},"line":32}},"branchMap":{"0":{"loc":{"start":{"line":25,"column":8},"end":{"line":41,"column":9}},"type":"if","locations":[{"start":{"line":25,"column":8},"end":{"line":41,"column":9}},{"start":{},"end":{}}],"line":25},"1":{"loc":{"start":{"line":25,"column":12},"end":{"line":25,"column":40}},"type":"binary-expr","locations":[{"start":{"line":25,"column":12},"end":{"line":25,"column":13}},{"start":{"line":25,"column":17},"end":{"line":25,"column":27}},{"start":{"line":25,"column":31},"end":{"line":25,"column":40}}],"line":25},"2":{"loc":{"start":{"line":35,"column":41},"end":{"line":36,"column":85}},"type":"cond-expr","locations":[{"start":{"line":35,"column":62},"end":{"line":35,"column":66}},{"start":{"line":36,"column":22},"end":{"line":36,"column":85}}],"line":35},"3":{"loc":{"start":{"line":36,"column":22},"end":{"line":36,"column":85}},"type":"cond-expr","locations":[{"start":{"line":36,"column":63},"end":{"line":36,"column":75}},{"start":{"line":36,"column":78},"end":{"line":36,"column":85}}],"line":36},"4":{"loc":{"start":{"line":36,"column":23},"end":{"line":36,"column":59}},"type":"binary-expr","locations":[{"start":{"line":36,"column":23},"end":{"line":36,"column":39}},{"start":{"line":36,"column":43},"end":{"line":36,"column":59}}],"line":36}},"s":{"0":1,"1":1,"2":1,"3":1,"4":1,"5":1,"6":1,"7":1,"8":1,"9":0,"10":0,"11":0,"12":0,"13":0,"14":0,"15":0,"16":0,"17":0,"18":1,"19":1},"f":{"0":1,"1":0},"b":{"0":[0,1],"1":[1,0,0],"2":[0,0],"3":[0,0],"4":[0,0]},"_coverageSchema":"1a1c01bbd47fc00a2c39e90264f33305004495a9","hash":"f5701b2363f572e09acf51c85227b315fc2ac33a"}
,"D:\\AI\\synapse\\routes\\memories.js": {"path":"D:\\AI\\synapse\\routes\\memories.js","statementMap":{"0":{"start":{"line":9,"column":19},"end":{"line":9,"column":37}},"1":{"start":{"line":10,"column":15},"end":{"line":10,"column":23}},"2":{"start":{"line":11,"column":17},"end":{"line":11,"column":44}},"3":{"start":{"line":12,"column":21},"end":{"line":12,"column":53}},"4":{"start":{"line":14,"column":0},"end":{"line":26,"column":3}},"5":{"start":{"line":15,"column":4},"end":{"line":25,"column":5}},"6":{"start":{"line":16,"column":50},"end":{"line":16,"column":59}},"7":{"start":{"line":17,"column":23},"end":{"line":21,"column":10}},"8":{"start":{"line":22,"column":8},"end":{"line":22,"column":61}},"9":{"start":{"line":24,"column":8},"end":{"line":24,"column":51}},"10":{"start":{"line":28,"column":0},"end":{"line":40,"column":3}},"11":{"start":{"line":29,"column":4},"end":{"line":39,"column":5}},"12":{"start":{"line":30,"column":37},"end":{"line":30,"column":45}},"13":{"start":{"line":31,"column":24},"end":{"line":31,"column":26}},"14":{"start":{"line":32,"column":8},"end":{"line":32,"column":111}},"15":{"start":{"line":32,"column":32},"end":{"line":32,"column":111}},"16":{"start":{"line":32,"column":101},"end":{"line":32,"column":109}},"17":{"start":{"line":33,"column":8},"end":{"line":33,"column":82}},"18":{"start":{"line":33,"column":38},"end":{"line":33,"column":82}},"19":{"start":{"line":34,"column":8},"end":{"line":34,"column":97}},"20":{"start":{"line":34,"column":47},"end":{"line":34,"column":97}},"21":{"start":{"line":35,"column":23},"end":{"line":35,"column":66}},"22":{"start":{"line":36,"column":8},"end":{"line":36,"column":25}},"23":{"start":{"line":38,"column":8},"end":{"line":38,"column":51}},"24":{"start":{"line":42,"column":0},"end":{"line":49,"column":3}},"25":{"start":{"line":43,"column":4},"end":{"line":48,"column":5}},"26":{"start":{"line":44,"column":8},"end":{"line":44,"column":43}},"27":{"start":{"line":45,"column":8},"end":{"line":45,"column":35}},"28":{"start":{"line":47,"column":8},"end":{"line":47,"column":51}},"29":{"start":{"line":52,"column":0},"end":{"line":74,"column":3}},"30":{"start":{"line":53,"column":4},"end":{"line":73,"column":5}},"31":{"start":{"line":54,"column":19},"end":{"line":54,"column":33}},"32":{"start":{"line":56,"column":22},"end":{"line":59,"column":16}},"33":{"start":{"line":60,"column":22},"end":{"line":60,"column":23}},"34":{"start":{"line":61,"column":8},"end":{"line":69,"column":9}},"35":{"start":{"line":62,"column":29},"end":{"line":64,"column":39}},"36":{"start":{"line":65,"column":12},"end":{"line":68,"column":13}},"37":{"start":{"line":66,"column":16},"end":{"line":66,"column":44}},"38":{"start":{"line":67,"column":16},"end":{"line":67,"column":26}},"39":{"start":{"line":70,"column":8},"end":{"line":70,"column":76}},"40":{"start":{"line":72,"column":8},"end":{"line":72,"column":51}},"41":{"start":{"line":76,"column":0},"end":{"line":76,"column":24}}},"fnMap":{"0":{"name":"(anonymous_0)","decl":{"start":{"line":14,"column":24},"end":{"line":14,"column":25}},"loc":{"start":{"line":14,"column":38},"end":{"line":26,"column":1}},"line":14},"1":{"name":"(anonymous_1)","decl":{"start":{"line":28,"column":28},"end":{"line":28,"column":29}},"loc":{"start":{"line":28,"column":42},"end":{"line":40,"column":1}},"line":28},"2":{"name":"(anonymous_2)","decl":{"start":{"line":32,"column":96},"end":{"line":32,"column":97}},"loc":{"start":{"line":32,"column":101},"end":{"line":32,"column":109}},"line":32},"3":{"name":"(anonymous_3)","decl":{"start":{"line":42,"column":31},"end":{"line":42,"column":32}},"loc":{"start":{"line":42,"column":45},"end":{"line":49,"column":1}},"line":42},"4":{"name":"(anonymous_4)","decl":{"start":{"line":52,"column":37},"end":{"line":52,"column":38}},"loc":{"start":{"line":52,"column":52},"end":{"line":74,"column":1}},"line":52}},"branchMap":{"0":{"loc":{"start":{"line":19,"column":19},"end":{"line":19,"column":44}},"type":"binary-expr","locations":[{"start":{"line":19,"column":19},"end":{"line":19,"column":38}},{"start":{"line":19,"column":42},"end":{"line":19,"column":44}}],"line":19},"1":{"loc":{"start":{"line":20,"column":20},"end":{"line":20,"column":45}},"type":"binary-expr","locations":[{"start":{"line":20,"column":20},"end":{"line":20,"column":40}},{"start":{"line":20,"column":44},"end":{"line":20,"column":45}}],"line":20},"2":{"loc":{"start":{"line":32,"column":8},"end":{"line":32,"column":111}},"type":"if","locations":[{"start":{"line":32,"column":8},"end":{"line":32,"column":111}},{"start":{},"end":{}}],"line":32},"3":{"loc":{"start":{"line":32,"column":47},"end":{"line":32,"column":110}},"type":"cond-expr","locations":[{"start":{"line":32,"column":69},"end":{"line":32,"column":73}},{"start":{"line":32,"column":76},"end":{"line":32,"column":110}}],"line":32},"4":{"loc":{"start":{"line":33,"column":8},"end":{"line":33,"column":82}},"type":"if","locations":[{"start":{"line":33,"column":8},"end":{"line":33,"column":82}},{"start":{},"end":{}}],"line":33},"5":{"loc":{"start":{"line":34,"column":8},"end":{"line":34,"column":97}},"type":"if","locations":[{"start":{"line":34,"column":8},"end":{"line":34,"column":97}},{"start":{},"end":{}}],"line":34}},"s":{"0":1,"1":1,"2":1,"3":1,"4":1,"5":1,"6":1,"7":1,"8":1,"9":0,"10":1,"11":0,"12":0,"13":0,"14":0,"15":0,"16":0,"17":0,"18":0,"19":0,"20":0,"21":0,"22":0,"23":0,"24":1,"25":0,"26":0,"27":0,"28":0,"29":1,"30":0,"31":0,"32":0,"33":0,"34":0,"35":0,"36":0,"37":0,"38":0,"39":0,"40":0,"41":1},"f":{"0":1,"1":0,"2":0,"3":0,"4":0},"b":{"0":[1,1],"1":[1,1],"2":[0,0],"3":[0,0],"4":[0,0],"5":[0,0]},"_coverageSchema":"1a1c01bbd47fc00a2c39e90264f33305004495a9","hash":"11044d43b0f3be405505f0007cfb521fb78537bb"}
,"D:\\AI\\synapse\\routes\\models.js": {"path":"D:\\AI\\synapse\\routes\\models.js","statementMap":{"0":{"start":{"line":12,"column":19},"end":{"line":12,"column":37}},"1":{"start":{"line":13,"column":14},"end":{"line":13,"column":30}},"2":{"start":{"line":16,"column":20},"end":{"line":16,"column":65}},"3":{"start":{"line":19,"column":19},"end":{"line":19,"column":27}},"4":{"start":{"line":21,"column":4},"end":{"line":49,"column":7}},"5":{"start":{"line":22,"column":21},"end":{"line":22,"column":38}},"6":{"start":{"line":23,"column":21},"end":{"line":23,"column":115}},"7":{"start":{"line":25,"column":20},"end":{"line":27,"column":9}},"8":{"start":{"line":26,"column":12},"end":{"line":26,"column":163}},"9":{"start":{"line":26,"column":43},"end":{"line":26,"column":58}},"10":{"start":{"line":26,"column":59},"end":{"line":26,"column":161}},"11":{"start":{"line":30,"column":8},"end":{"line":41,"column":9}},"12":{"start":{"line":31,"column":12},"end":{"line":40,"column":52}},"13":{"start":{"line":32,"column":33},"end":{"line":35,"column":18}},"14":{"start":{"line":36,"column":39},"end":{"line":36,"column":81}},"15":{"start":{"line":36,"column":76},"end":{"line":36,"column":80}},"16":{"start":{"line":37,"column":16},"end":{"line":39,"column":17}},"17":{"start":{"line":38,"column":20},"end":{"line":38,"column":59}},"18":{"start":{"line":38,"column":49},"end":{"line":38,"column":59}},"19":{"start":{"line":44,"column":8},"end":{"line":44,"column":106}},"20":{"start":{"line":45,"column":8},"end":{"line":45,"column":93}},"21":{"start":{"line":45,"column":51},"end":{"line":45,"column":91}},"22":{"start":{"line":46,"column":8},"end":{"line":46,"column":96}},"23":{"start":{"line":46,"column":34},"end":{"line":46,"column":96}},"24":{"start":{"line":46,"column":82},"end":{"line":46,"column":94}},"25":{"start":{"line":48,"column":8},"end":{"line":48,"column":43}},"26":{"start":{"line":51,"column":4},"end":{"line":51,"column":18}},"27":{"start":{"line":54,"column":0},"end":{"line":54,"column":36}}},"fnMap":{"0":{"name":"createModelsRouter","decl":{"start":{"line":18,"column":9},"end":{"line":18,"column":27}},"loc":{"start":{"line":18,"column":41},"end":{"line":52,"column":1}},"line":18},"1":{"name":"(anonymous_1)","decl":{"start":{"line":21,"column":26},"end":{"line":21,"column":27}},"loc":{"start":{"line":21,"column":47},"end":{"line":49,"column":5}},"line":21},"2":{"name":"(anonymous_2)","decl":{"start":{"line":25,"column":20},"end":{"line":25,"column":21}},"loc":{"start":{"line":25,"column":28},"end":{"line":27,"column":9}},"line":25},"3":{"name":"(anonymous_3)","decl":{"start":{"line":36,"column":71},"end":{"line":36,"column":72}},"loc":{"start":{"line":36,"column":76},"end":{"line":36,"column":80}},"line":36},"4":{"name":"(anonymous_4)","decl":{"start":{"line":45,"column":46},"end":{"line":45,"column":47}},"loc":{"start":{"line":45,"column":51},"end":{"line":45,"column":91}},"line":45},"5":{"name":"(anonymous_5)","decl":{"start":{"line":46,"column":77},"end":{"line":46,"column":78}},"loc":{"start":{"line":46,"column":82},"end":{"line":46,"column":94}},"line":46}},"branchMap":{"0":{"loc":{"start":{"line":26,"column":12},"end":{"line":26,"column":163}},"type":"if","locations":[{"start":{"line":26,"column":12},"end":{"line":26,"column":163}},{"start":{},"end":{}}],"line":26},"1":{"loc":{"start":{"line":26,"column":16},"end":{"line":26,"column":39}},"type":"binary-expr","locations":[{"start":{"line":26,"column":16},"end":{"line":26,"column":20}},{"start":{"line":26,"column":24},"end":{"line":26,"column":39}}],"line":26},"2":{"loc":{"start":{"line":30,"column":8},"end":{"line":41,"column":9}},"type":"if","locations":[{"start":{"line":30,"column":8},"end":{"line":41,"column":9}},{"start":{},"end":{}}],"line":30},"3":{"loc":{"start":{"line":30,"column":12},"end":{"line":30,"column":57}},"type":"binary-expr","locations":[{"start":{"line":30,"column":12},"end":{"line":30,"column":33}},{"start":{"line":30,"column":37},"end":{"line":30,"column":57}}],"line":30},"4":{"loc":{"start":{"line":36,"column":40},"end":{"line":36,"column":65}},"type":"binary-expr","locations":[{"start":{"line":36,"column":40},"end":{"line":36,"column":59}},{"start":{"line":36,"column":63},"end":{"line":36,"column":65}}],"line":36},"5":{"loc":{"start":{"line":38,"column":20},"end":{"line":38,"column":59}},"type":"if","locations":[{"start":{"line":38,"column":20},"end":{"line":38,"column":59}},{"start":{},"end":{}}],"line":38},"6":{"loc":{"start":{"line":44,"column":12},"end":{"line":44,"column":104}},"type":"cond-expr","locations":[{"start":{"line":44,"column":55},"end":{"line":44,"column":74}},{"start":{"line":44,"column":77},"end":{"line":44,"column":104}}],"line":44},"7":{"loc":{"start":{"line":45,"column":9},"end":{"line":45,"column":36}},"type":"binary-expr","locations":[{"start":{"line":45,"column":9},"end":{"line":45,"column":30}},{"start":{"line":45,"column":34},"end":{"line":45,"column":36}}],"line":45},"8":{"loc":{"start":{"line":45,"column":55},"end":{"line":45,"column":90}},"type":"cond-expr","locations":[{"start":{"line":45,"column":79},"end":{"line":45,"column":80}},{"start":{"line":45,"column":83},"end":{"line":45,"column":90}}],"line":45},"9":{"loc":{"start":{"line":46,"column":8},"end":{"line":46,"column":96}},"type":"if","locations":[{"start":{"line":46,"column":8},"end":{"line":46,"column":96}},{"start":{},"end":{}}],"line":46}},"s":{"0":0,"1":0,"2":0,"3":0,"4":0,"5":0,"6":0,"7":0,"8":0,"9":0,"10":0,"11":0,"12":0,"13":0,"14":0,"15":0,"16":0,"17":0,"18":0,"19":0,"20":0,"21":0,"22":0,"23":0,"24":0,"25":0,"26":0,"27":0},"f":{"0":0,"1":0,"2":0,"3":0,"4":0,"5":0},"b":{"0":[0,0],"1":[0,0],"2":[0,0],"3":[0,0],"4":[0,0],"5":[0,0],"6":[0,0],"7":[0,0],"8":[0,0],"9":[0,0]}}
,"D:\\AI\\synapse\\routes\\plugins.js": {"path":"D:\\AI\\synapse\\routes\\plugins.js","statementMap":{"0":{"start":{"line":9,"column":19},"end":{"line":9,"column":37}},"1":{"start":{"line":10,"column":15},"end":{"line":10,"column":23}},"2":{"start":{"line":11,"column":21},"end":{"line":11,"column":53}},"3":{"start":{"line":12,"column":15},"end":{"line":12,"column":40}},"4":{"start":{"line":15,"column":0},"end":{"line":26,"column":3}},"5":{"start":{"line":16,"column":20},"end":{"line":24,"column":7}},"6":{"start":{"line":16,"column":65},"end":{"line":24,"column":5}},"7":{"start":{"line":25,"column":4},"end":{"line":25,"column":49}},"8":{"start":{"line":29,"column":0},"end":{"line":33,"column":3}},"9":{"start":{"line":30,"column":16},"end":{"line":30,"column":28}},"10":{"start":{"line":31,"column":17},"end":{"line":31,"column":55}},"11":{"start":{"line":32,"column":4},"end":{"line":32,"column":37}},"12":{"start":{"line":36,"column":0},"end":{"line":52,"column":3}},"13":{"start":{"line":37,"column":19},"end":{"line":37,"column":52}},"14":{"start":{"line":38,"column":4},"end":{"line":38,"column":65}},"15":{"start":{"line":38,"column":17},"end":{"line":38,"column":65}},"16":{"start":{"line":40,"column":46},"end":{"line":40,"column":54}},"17":{"start":{"line":41,"column":4},"end":{"line":41,"column":67}},"18":{"start":{"line":41,"column":31},"end":{"line":41,"column":67}},"19":{"start":{"line":42,"column":4},"end":{"line":45,"column":5}},"20":{"start":{"line":43,"column":8},"end":{"line":43,"column":51}},"21":{"start":{"line":47,"column":4},"end":{"line":51,"column":7}},"22":{"start":{"line":55,"column":18},"end":{"line":55,"column":28}},"23":{"start":{"line":56,"column":4},"end":{"line":56,"column":74}},"24":{"start":{"line":56,"column":23},"end":{"line":56,"column":74}},"25":{"start":{"line":57,"column":4},"end":{"line":57,"column":97}},"26":{"start":{"line":57,"column":30},"end":{"line":57,"column":97}},"27":{"start":{"line":58,"column":4},"end":{"line":58,"column":17}},"28":{"start":{"line":61,"column":0},"end":{"line":61,"column":24}}},"fnMap":{"0":{"name":"(anonymous_0)","decl":{"start":{"line":15,"column":23},"end":{"line":15,"column":24}},"loc":{"start":{"line":15,"column":38},"end":{"line":26,"column":1}},"line":15},"1":{"name":"(anonymous_1)","decl":{"start":{"line":16,"column":59},"end":{"line":16,"column":60}},"loc":{"start":{"line":16,"column":65},"end":{"line":24,"column":5}},"line":16},"2":{"name":"(anonymous_2)","decl":{"start":{"line":29,"column":31},"end":{"line":29,"column":32}},"loc":{"start":{"line":29,"column":46},"end":{"line":33,"column":1}},"line":29},"3":{"name":"(anonymous_3)","decl":{"start":{"line":36,"column":29},"end":{"line":36,"column":30}},"loc":{"start":{"line":36,"column":43},"end":{"line":52,"column":1}},"line":36},"4":{"name":"sanitizeConfig","decl":{"start":{"line":54,"column":9},"end":{"line":54,"column":23}},"loc":{"start":{"line":54,"column":29},"end":{"line":59,"column":1}},"line":54}},"branchMap":{"0":{"loc":{"start":{"line":18,"column":22},"end":{"line":18,"column":64}},"type":"binary-expr","locations":[{"start":{"line":18,"column":22},"end":{"line":18,"column":45}},{"start":{"line":18,"column":49},"end":{"line":18,"column":64}}],"line":18},"1":{"loc":{"start":{"line":19,"column":14},"end":{"line":19,"column":42}},"type":"binary-expr","locations":[{"start":{"line":19,"column":14},"end":{"line":19,"column":29}},{"start":{"line":19,"column":33},"end":{"line":19,"column":42}}],"line":19},"2":{"loc":{"start":{"line":20,"column":17},"end":{"line":20,"column":46}},"type":"binary-expr","locations":[{"start":{"line":20,"column":17},"end":{"line":20,"column":35}},{"start":{"line":20,"column":39},"end":{"line":20,"column":46}}],"line":20},"3":{"loc":{"start":{"line":22,"column":17},"end":{"line":22,"column":51}},"type":"binary-expr","locations":[{"start":{"line":22,"column":17},"end":{"line":22,"column":35}},{"start":{"line":22,"column":39},"end":{"line":22,"column":51}}],"line":22},"4":{"loc":{"start":{"line":31,"column":37},"end":{"line":31,"column":54}},"type":"binary-expr","locations":[{"start":{"line":31,"column":37},"end":{"line":31,"column":48}},{"start":{"line":31,"column":52},"end":{"line":31,"column":54}}],"line":31},"5":{"loc":{"start":{"line":38,"column":4},"end":{"line":38,"column":65}},"type":"if","locations":[{"start":{"line":38,"column":4},"end":{"line":38,"column":65}},{"start":{},"end":{}}],"line":38},"6":{"loc":{"start":{"line":41,"column":4},"end":{"line":41,"column":67}},"type":"if","locations":[{"start":{"line":41,"column":4},"end":{"line":41,"column":67}},{"start":{},"end":{}}],"line":41},"7":{"loc":{"start":{"line":42,"column":4},"end":{"line":45,"column":5}},"type":"if","locations":[{"start":{"line":42,"column":4},"end":{"line":45,"column":5}},{"start":{},"end":{}}],"line":42},"8":{"loc":{"start":{"line":56,"column":4},"end":{"line":56,"column":74}},"type":"if","locations":[{"start":{"line":56,"column":4},"end":{"line":56,"column":74}},{"start":{},"end":{}}],"line":56},"9":{"loc":{"start":{"line":57,"column":4},"end":{"line":57,"column":97}},"type":"if","locations":[{"start":{"line":57,"column":4},"end":{"line":57,"column":97}},{"start":{},"end":{}}],"line":57}},"s":{"0":2,"1":2,"2":2,"3":2,"4":2,"5":1,"6":0,"7":1,"8":2,"9":0,"10":0,"11":0,"12":2,"13":0,"14":0,"15":0,"16":0,"17":0,"18":0,"19":0,"20":0,"21":0,"22":0,"23":0,"24":0,"25":0,"26":0,"27":0,"28":2},"f":{"0":1,"1":0,"2":0,"3":0,"4":0},"b":{"0":[0,0],"1":[0,0],"2":[0,0],"3":[0,0],"4":[0,0],"5":[0,0],"6":[0,0],"7":[0,0],"8":[0,0],"9":[0,0]},"_coverageSchema":"1a1c01bbd47fc00a2c39e90264f33305004495a9","hash":"66ff8ed0441e54348ecd4201e847a90626d49263"}
}
