TN:
SF:core\config.js
FN:13,init
FN:28,get
FNF:2
FNH:0
FNDA:0,init
FNDA:0,get
DA:7,0
DA:8,0
DA:9,0
DA:11,0
DA:14,0
DA:15,0
DA:16,0
DA:17,0
DA:19,0
DA:21,0
DA:22,0
DA:23,0
DA:25,0
DA:29,0
DA:30,0
DA:33,0
LF:16
LH:0
BRDA:14,0,0,0
BRDA:14,0,1,0
BRDA:15,1,0,0
BRDA:15,1,1,0
BRDA:21,2,0,0
BRDA:21,2,1,0
BRDA:21,3,0,0
BRDA:21,3,1,0
BRDA:29,4,0,0
BRDA:29,4,1,0
BRF:10
BRH:0
end_of_record
TN:
SF:core\context_builder.js
FN:22,(anonymous_0)
FN:23,(anonymous_1)
FN:24,(anonymous_2)
FN:41,replaceVariables
FN:42,(anonymous_4)
FN:72,buildMessages
FNF:6
FNH:4
FNDA:1,(anonymous_0)
FNDA:0,(anonymous_1)
FNDA:0,(anonymous_2)
FNDA:10,replaceVariables
FNDA:4,(anonymous_4)
FNDA:7,buildMessages
DA:9,1
DA:10,1
DA:11,1
DA:12,1
DA:13,1
DA:21,1
DA:22,1
DA:23,0
DA:25,0
DA:26,0
DA:27,0
DA:31,1
DA:42,10
DA:44,4
DA:46,2
DA:48,1
DA:73,7
DA:76,7
DA:77,7
DA:80,7
DA:81,1
DA:85,7
DA:88,7
DA:89,7
DA:90,7
DA:91,7
DA:92,7
DA:97,7
DA:100,7
DA:109,7
DA:110,7
DA:114,7
DA:115,7
DA:116,7
DA:119,7
DA:121,7
DA:124,1
LF:37
LH:33
BRDA:31,0,0,1
BRDA:31,0,1,1
BRDA:41,1,0,2
BRDA:44,2,0,2
BRDA:44,2,1,2
BRDA:46,3,0,1
BRDA:46,3,1,1
BRDA:72,4,0,6
BRDA:72,5,0,5
BRDA:77,6,0,6
BRDA:77,6,1,1
BRDA:80,7,0,1
BRDA:80,7,1,6
BRDA:85,8,0,1
BRDA:85,8,1,6
BRDA:109,9,0,7
BRDA:109,9,1,0
BRDA:114,10,0,7
BRDA:114,10,1,7
BRF:19
BRH:18
end_of_record
TN:
SF:core\database.js
FN:15,init
FN:84,get
FNF:2
FNH:0
FNDA:0,init
FNDA:0,get
DA:8,1
DA:9,1
DA:10,1
DA:12,1
DA:13,1
DA:16,0
DA:17,0
DA:19,0
DA:20,0
DA:21,0
DA:24,0
DA:40,0
DA:50,0
DA:61,0
DA:64,0
DA:74,0
DA:77,0
DA:78,0
DA:79,0
DA:81,0
DA:85,0
DA:86,0
DA:89,1
LF:23
LH:6
BRDA:17,0,0,0
BRDA:17,0,1,0
BRDA:85,1,0,0
BRDA:85,1,1,0
BRF:4
BRH:0
end_of_record
TN:
SF:core\llm_client.js
FN:15,safeStringify
FN:27,isAnthropic
FN:31,buildRequest
FN:36,(anonymous_3)
FN:37,(anonymous_4)
FN:67,parseChunk
FN:80,routeModel
FN:81,(anonymous_7)
FN:82,(anonymous_8)
FN:82,(anonymous_9)
FN:95,expandCandidate
FN:113,chatStream
FN:180,chatStreamWithFallback
FN:187,(anonymous_13)
FN:210,(anonymous_14)
FN:218,chat
FNF:16
FNH:0
FNDA:0,safeStringify
FNDA:0,isAnthropic
FNDA:0,buildRequest
FNDA:0,(anonymous_3)
FNDA:0,(anonymous_4)
FNDA:0,parseChunk
FNDA:0,routeModel
FNDA:0,(anonymous_7)
FNDA:0,(anonymous_8)
FNDA:0,(anonymous_9)
FNDA:0,expandCandidate
FNDA:0,chatStream
FNDA:0,chatStreamWithFallback
FNDA:0,(anonymous_13)
FNDA:0,(anonymous_14)
FNDA:0,chat
DA:9,0
DA:10,0
DA:11,0
DA:16,0
DA:17,0
DA:20,0
DA:21,0
DA:28,0
DA:32,0
DA:33,0
DA:35,0
DA:36,0
DA:37,0
DA:38,0
DA:57,0
DA:68,0
DA:69,0
DA:70,0
DA:71,0
DA:73,0
DA:74,0
DA:75,0
DA:81,0
DA:82,0
DA:84,0
DA:85,0
DA:86,0
DA:87,0
DA:88,0
DA:89,0
DA:90,0
DA:96,0
DA:97,0
DA:103,0
DA:104,0
DA:105,0
DA:106,0
DA:108,0
DA:114,0
DA:115,0
DA:116,0
DA:117,0
DA:119,0
DA:120,0
DA:122,0
DA:123,0
DA:124,0
DA:132,0
DA:133,0
DA:134,0
DA:135,0
DA:137,0
DA:139,0
DA:140,0
DA:144,0
DA:145,0
DA:146,0
DA:147,0
DA:148,0
DA:150,0
DA:151,0
DA:153,0
DA:154,0
DA:158,0
DA:159,0
DA:160,0
DA:161,0
DA:162,0
DA:163,0
DA:164,0
DA:165,0
DA:166,0
DA:167,0
DA:168,0
DA:169,0
DA:170,0
DA:171,0
DA:175,0
DA:182,0
DA:186,0
DA:187,0
DA:190,0
DA:191,0
DA:192,0
DA:193,0
DA:195,0
DA:196,0
DA:198,0
DA:199,0
DA:200,0
DA:201,0
DA:202,0
DA:204,0
DA:205,0
DA:206,0
DA:207,0
DA:208,0
DA:209,0
DA:210,0
DA:214,0
DA:215,0
DA:219,0
DA:221,0
DA:222,0
DA:223,0
DA:226,0
LF:106
LH:0
BRDA:16,0,0,0
BRDA:16,0,1,0
BRDA:20,1,0,0
BRDA:20,1,1,0
BRDA:28,2,0,0
BRDA:28,2,1,0
BRDA:32,3,0,0
BRDA:32,3,1,0
BRDA:33,4,0,0
BRDA:33,4,1,0
BRDA:35,5,0,0
BRDA:35,5,1,0
BRDA:39,6,0,0
BRDA:39,6,1,0
BRDA:46,7,0,0
BRDA:46,7,1,0
BRDA:47,8,0,0
BRDA:47,8,1,0
BRDA:50,9,0,0
BRDA:50,9,1,0
BRDA:58,10,0,0
BRDA:58,10,1,0
BRDA:63,11,0,0
BRDA:63,11,1,0
BRDA:63,12,0,0
BRDA:63,12,1,0
BRDA:68,13,0,0
BRDA:68,13,1,0
BRDA:69,14,0,0
BRDA:69,14,1,0
BRDA:69,15,0,0
BRDA:69,15,1,0
BRDA:70,16,0,0
BRDA:70,16,1,0
BRDA:75,17,0,0
BRDA:75,17,1,0
BRDA:81,18,0,0
BRDA:81,18,1,0
BRDA:84,19,0,0
BRDA:84,19,1,0
BRDA:85,20,0,0
BRDA:85,20,1,0
BRDA:86,21,0,0
BRDA:86,21,1,0
BRDA:87,22,0,0
BRDA:87,22,1,0
BRDA:88,23,0,0
BRDA:88,23,1,0
BRDA:89,24,0,0
BRDA:89,24,1,0
BRDA:96,25,0,0
BRDA:96,25,1,0
BRDA:103,26,0,0
BRDA:103,26,1,0
BRDA:104,27,0,0
BRDA:104,27,1,0
BRDA:105,28,0,0
BRDA:105,28,1,0
BRDA:106,29,0,0
BRDA:106,29,1,0
BRDA:113,30,0,0
BRDA:115,31,0,0
BRDA:115,31,1,0
BRDA:116,32,0,0
BRDA:116,32,1,0
BRDA:117,33,0,0
BRDA:117,33,1,0
BRDA:123,34,0,0
BRDA:123,34,1,0
BRDA:126,35,0,0
BRDA:126,35,1,0
BRDA:132,36,0,0
BRDA:132,36,1,0
BRDA:134,37,0,0
BRDA:134,37,1,0
BRDA:144,38,0,0
BRDA:144,38,1,0
BRDA:146,39,0,0
BRDA:146,39,1,0
BRDA:147,40,0,0
BRDA:147,40,1,0
BRDA:148,41,0,0
BRDA:148,41,1,0
BRDA:150,42,0,0
BRDA:150,42,1,0
BRDA:151,43,0,0
BRDA:151,43,1,0
BRDA:162,44,0,0
BRDA:162,44,1,0
BRDA:165,45,0,0
BRDA:165,45,1,0
BRDA:165,46,0,0
BRDA:165,46,1,0
BRDA:167,47,0,0
BRDA:167,47,1,0
BRDA:170,48,0,0
BRDA:170,48,1,0
BRDA:171,49,0,0
BRDA:171,49,1,0
BRDA:180,50,0,0
BRDA:182,51,0,0
BRDA:182,51,1,0
BRDA:182,52,0,0
BRDA:182,52,1,0
BRDA:183,53,0,0
BRDA:183,53,1,0
BRDA:187,54,0,0
BRDA:187,54,1,0
BRDA:193,55,0,0
BRDA:193,55,1,0
BRDA:204,56,0,0
BRDA:204,56,1,0
BRDA:205,57,0,0
BRDA:205,57,1,0
BRDA:209,58,0,0
BRDA:209,58,1,0
BRDA:218,59,0,0
BRF:117
BRH:0
end_of_record
TN:
SF:core\memory_engine.js
FN:26,(anonymous_0)
FN:33,(anonymous_1)
FN:57,(anonymous_2)
FN:78,(anonymous_3)
FN:102,(anonymous_4)
FN:110,(anonymous_5)
FN:131,(anonymous_6)
FN:157,(anonymous_7)
FN:172,(anonymous_8)
FN:182,(anonymous_9)
FN:183,(anonymous_10)
FN:191,(anonymous_11)
FN:192,(anonymous_12)
FN:193,(anonymous_13)
FN:203,(anonymous_14)
FN:208,(anonymous_15)
FN:212,(anonymous_16)
FN:231,(anonymous_17)
FN:233,(anonymous_18)
FN:240,(anonymous_19)
FN:244,(anonymous_20)
FN:250,(anonymous_21)
FN:266,(anonymous_22)
FN:274,(anonymous_23)
FN:283,(anonymous_24)
FN:285,(anonymous_25)
FN:286,(anonymous_26)
FN:296,(anonymous_27)
FN:305,(anonymous_28)
FN:312,(anonymous_29)
FN:318,(anonymous_30)
FN:335,(anonymous_31)
FN:345,(anonymous_32)
FN:351,(anonymous_33)
FN:352,(anonymous_34)
FN:359,(anonymous_35)
FN:364,(anonymous_36)
FN:387,(anonymous_37)
FN:394,(anonymous_38)
FN:397,(anonymous_39)
FNF:40
FNH:26
FNDA:16,(anonymous_0)
FNDA:0,(anonymous_1)
FNDA:0,(anonymous_2)
FNDA:27,(anonymous_3)
FNDA:0,(anonymous_4)
FNDA:0,(anonymous_5)
FNDA:1,(anonymous_6)
FNDA:2,(anonymous_7)
FNDA:0,(anonymous_8)
FNDA:0,(anonymous_9)
FNDA:0,(anonymous_10)
FNDA:0,(anonymous_11)
FNDA:0,(anonymous_12)
FNDA:0,(anonymous_13)
FNDA:0,(anonymous_14)
FNDA:0,(anonymous_15)
FNDA:2,(anonymous_16)
FNDA:4,(anonymous_17)
FNDA:4,(anonymous_18)
FNDA:2,(anonymous_19)
FNDA:4,(anonymous_20)
FNDA:0,(anonymous_21)
FNDA:2,(anonymous_22)
FNDA:4,(anonymous_23)
FNDA:2,(anonymous_24)
FNDA:12,(anonymous_25)
FNDA:12,(anonymous_26)
FNDA:2,(anonymous_27)
FNDA:2,(anonymous_28)
FNDA:22,(anonymous_29)
FNDA:27,(anonymous_30)
FNDA:1,(anonymous_31)
FNDA:5,(anonymous_32)
FNDA:1,(anonymous_33)
FNDA:1,(anonymous_34)
FNDA:10,(anonymous_35)
FNDA:3,(anonymous_36)
FNDA:0,(anonymous_37)
FNDA:2,(anonymous_38)
FNDA:1,(anonymous_39)
DA:14,16
DA:15,16
DA:16,16
DA:17,16
DA:18,16
DA:19,16
DA:20,16
DA:21,16
DA:23,16
DA:27,16
DA:28,16
DA:29,16
DA:30,16
DA:34,0
DA:37,0
DA:38,0
DA:39,0
DA:40,0
DA:41,0
DA:42,0
DA:44,0
DA:45,0
DA:47,0
DA:49,0
DA:50,0
DA:54,0
DA:55,0
DA:56,0
DA:57,0
DA:58,0
DA:59,0
DA:61,0
DA:64,0
DA:65,0
DA:68,0
DA:69,0
DA:79,27
DA:80,27
DA:81,27
DA:83,27
DA:87,27
DA:92,27
DA:93,28
DA:96,27
DA:98,27
DA:101,27
DA:102,0
DA:103,0
DA:106,27
DA:111,0
DA:112,0
DA:114,0
DA:115,0
DA:123,0
DA:124,0
DA:132,1
DA:133,0
DA:134,0
DA:135,0
DA:136,0
DA:139,0
DA:140,0
DA:141,0
DA:146,0
DA:147,0
DA:159,2
DA:160,0
DA:161,0
DA:163,0
DA:168,2
DA:173,0
DA:175,0
DA:176,0
DA:177,0
DA:178,0
DA:182,0
DA:183,0
DA:184,0
DA:191,0
DA:192,0
DA:193,0
DA:194,0
DA:195,0
DA:196,0
DA:197,0
DA:198,0
DA:199,0
DA:200,0
DA:203,0
DA:204,0
DA:206,0
DA:207,0
DA:208,0
DA:213,2
DA:214,2
DA:215,9
DA:216,2
DA:217,2
DA:219,2
DA:220,2
DA:221,2
DA:223,2
DA:224,2
DA:225,2
DA:226,4
DA:227,4
DA:231,2
DA:232,4
DA:233,4
DA:234,4
DA:235,4
DA:236,4
DA:237,4
DA:240,2
DA:241,2
DA:243,2
DA:244,4
DA:251,0
DA:252,0
DA:253,0
DA:256,0
DA:258,0
DA:259,0
DA:260,0
DA:262,0
DA:267,2
DA:269,2
DA:270,4
DA:275,4
DA:284,2
DA:285,12
DA:286,12
DA:287,2
DA:297,2
DA:306,2
DA:307,2
DA:308,2
DA:309,2
DA:313,22
DA:314,22
DA:315,22
DA:319,27
DA:320,27
DA:325,27
DA:326,28
DA:327,1
DA:328,1
DA:337,1
DA:338,1
DA:339,1
DA:340,1
DA:346,5
DA:347,5
DA:348,5
DA:349,5
DA:350,1
DA:351,1
DA:352,1
DA:354,5
DA:355,5
DA:356,5
DA:359,10
DA:365,3
DA:366,3
DA:367,3
DA:368,3
DA:369,3
DA:370,1
DA:371,1
DA:372,1
DA:373,1
DA:375,3
DA:376,3
DA:378,2
DA:379,2
DA:380,2
DA:381,2
DA:383,2
DA:386,2
DA:387,1
DA:390,2
DA:395,2
DA:396,1
DA:397,1
DA:401,16
LF:185
LH:111
BRDA:40,0,0,0
BRDA:40,0,1,0
BRDA:57,1,0,0
BRDA:57,1,1,0
BRDA:58,2,0,0
BRDA:58,2,1,0
BRDA:59,3,0,0
BRDA:59,3,1,0
BRDA:68,4,0,0
BRDA:68,4,1,0
BRDA:81,5,0,27
BRDA:81,5,1,19
BRDA:87,6,0,27
BRDA:87,6,1,27
BRDA:88,7,0,27
BRDA:88,7,1,27
BRDA:89,8,0,27
BRDA:89,8,1,26
BRDA:101,9,0,0
BRDA:101,9,1,27
BRDA:101,10,0,27
BRDA:101,10,1,0
BRDA:119,11,0,0
BRDA:119,11,1,0
BRDA:132,12,0,1
BRDA:132,12,1,0
BRDA:132,13,0,1
BRDA:132,13,1,0
BRDA:134,14,0,0
BRDA:134,14,1,0
BRDA:144,15,0,0
BRDA:144,15,1,0
BRDA:157,16,0,2
BRDA:159,17,0,0
BRDA:159,17,1,2
BRDA:159,18,0,2
BRDA:159,18,1,0
BRDA:176,19,0,0
BRDA:176,19,1,0
BRDA:176,20,0,0
BRDA:176,20,1,0
BRDA:194,21,0,0
BRDA:194,21,1,0
BRDA:196,22,0,0
BRDA:196,22,1,0
BRDA:212,23,0,0
BRDA:214,24,0,2
BRDA:214,24,1,0
BRDA:216,25,0,2
BRDA:216,25,1,0
BRDA:223,26,0,2
BRDA:223,26,1,0
BRDA:226,27,0,2
BRDA:226,27,1,2
BRDA:227,28,0,0
BRDA:227,28,1,4
BRDA:232,29,0,4
BRDA:232,29,1,0
BRDA:252,30,0,0
BRDA:252,30,1,0
BRDA:253,31,0,0
BRDA:253,31,1,0
BRDA:256,32,0,0
BRDA:256,32,1,0
BRDA:256,33,0,0
BRDA:256,33,1,0
BRDA:258,34,0,0
BRDA:258,34,1,0
BRDA:259,35,0,0
BRDA:259,35,1,0
BRDA:260,36,0,0
BRDA:260,36,1,0
BRDA:277,37,0,4
BRDA:277,37,1,0
BRDA:284,38,0,0
BRDA:284,38,1,2
BRDA:306,39,0,2
BRDA:306,39,1,1
BRDA:308,40,0,1
BRDA:308,40,1,1
BRDA:308,41,0,2
BRDA:308,41,1,1
BRDA:309,42,0,0
BRDA:309,42,1,2
BRDA:309,43,0,2
BRDA:309,43,1,0
BRDA:313,44,0,22
BRDA:313,44,1,18
BRDA:314,45,0,22
BRDA:314,45,1,3
BRDA:327,46,0,1
BRDA:327,46,1,0
BRDA:345,47,0,1
BRDA:345,48,0,3
BRDA:345,49,0,4
BRDA:348,50,0,0
BRDA:348,50,1,5
BRDA:349,51,0,1
BRDA:349,51,1,4
BRDA:354,52,0,1
BRDA:354,52,1,4
BRDA:355,53,0,2
BRDA:355,53,1,3
BRDA:359,54,0,10
BRDA:359,54,1,0
BRDA:367,55,0,1
BRDA:367,55,1,2
BRDA:368,56,0,0
BRDA:368,56,1,3
BRDA:369,57,0,1
BRDA:369,57,1,2
BRDA:375,58,0,0
BRDA:375,58,1,3
BRDA:376,59,0,1
BRDA:376,59,1,2
BRDA:386,60,0,1
BRDA:386,60,1,1
BRDA:395,61,0,1
BRDA:395,61,1,1
BRF:119
BRH:60
end_of_record
TN:
SF:core\plugin_executor.js
FN:23,execute
FN:29,(anonymous_1)
FN:53,(anonymous_2)
FN:54,(anonymous_3)
FN:56,(anonymous_4)
FN:66,(anonymous_5)
FN:88,(anonymous_6)
FN:104,executeBatch
FN:106,(anonymous_8)
FN:116,(anonymous_9)
FN:126,(anonymous_10)
FN:140,normalizeResult
FNF:12
FNH:0
FNDA:0,execute
FNDA:0,(anonymous_1)
FNDA:0,(anonymous_2)
FNDA:0,(anonymous_3)
FNDA:0,(anonymous_4)
FNDA:0,(anonymous_5)
FNDA:0,(anonymous_6)
FNDA:0,executeBatch
FNDA:0,(anonymous_8)
FNDA:0,(anonymous_9)
FNDA:0,(anonymous_10)
FNDA:0,normalizeResult
DA:9,16
DA:10,16
DA:11,16
DA:12,16
DA:13,16
DA:15,16
DA:24,0
DA:25,0
DA:26,0
DA:27,0
DA:29,0
DA:31,0
DA:32,0
DA:33,0
DA:34,0
DA:36,0
DA:38,0
DA:42,0
DA:43,0
DA:49,0
DA:50,0
DA:51,0
DA:53,0
DA:54,0
DA:56,0
DA:57,0
DA:58,0
DA:59,0
DA:60,0
DA:61,0
DA:65,0
DA:66,0
DA:67,0
DA:68,0
DA:69,0
DA:71,0
DA:72,0
DA:73,0
DA:75,0
DA:76,0
DA:77,0
DA:79,0
DA:80,0
DA:83,0
DA:84,0
DA:88,0
DA:89,0
DA:90,0
DA:91,0
DA:92,0
DA:95,0
DA:96,0
DA:105,0
DA:107,0
DA:108,0
DA:109,0
DA:112,0
DA:114,0
DA:116,0
DA:117,0
DA:118,0
DA:127,0
DA:128,0
DA:131,0
DA:132,0
DA:133,0
DA:134,0
DA:137,0
DA:141,0
DA:142,0
DA:145,16
LF:71
LH:7
BRDA:25,0,0,0
BRDA:25,0,1,0
BRDA:27,1,0,0
BRDA:27,1,1,0
BRDA:31,2,0,0
BRDA:31,2,1,0
BRDA:42,3,0,0
BRDA:42,3,1,0
BRDA:42,4,0,0
BRDA:42,4,1,0
BRDA:58,5,0,0
BRDA:58,5,1,0
BRDA:68,6,0,0
BRDA:68,6,1,0
BRDA:71,7,0,0
BRDA:71,7,1,0
BRDA:72,8,0,0
BRDA:72,8,1,0
BRDA:72,8,2,0
BRDA:90,9,0,0
BRDA:90,9,1,0
BRDA:108,10,0,0
BRDA:108,10,1,0
BRDA:112,11,0,0
BRDA:112,11,1,0
BRDA:114,12,0,0
BRDA:114,12,1,0
BRDA:122,13,0,0
BRDA:122,13,1,0
BRDA:122,13,2,0
BRDA:141,14,0,0
BRDA:141,14,1,0
BRF:32
BRH:0
end_of_record
TN:
SF:core\plugin_loader.js
FN:18,(anonymous_0)
FN:27,(anonymous_1)
FN:42,(anonymous_2)
FN:73,(anonymous_3)
FN:75,(anonymous_4)
FN:79,(anonymous_5)
FN:81,(anonymous_6)
FN:82,(anonymous_7)
FN:86,(anonymous_8)
FN:88,(anonymous_9)
FN:92,(anonymous_10)
FN:94,(anonymous_11)
FN:98,(anonymous_12)
FN:103,(anonymous_13)
FN:109,(anonymous_14)
FN:110,(anonymous_15)
FN:111,(anonymous_16)
FNF:17
FNH:0
FNDA:0,(anonymous_0)
FNDA:0,(anonymous_1)
FNDA:0,(anonymous_2)
FNDA:0,(anonymous_3)
FNDA:0,(anonymous_4)
FNDA:0,(anonymous_5)
FNDA:0,(anonymous_6)
FNDA:0,(anonymous_7)
FNDA:0,(anonymous_8)
FNDA:0,(anonymous_9)
FNDA:0,(anonymous_10)
FNDA:0,(anonymous_11)
FNDA:0,(anonymous_12)
FNDA:0,(anonymous_13)
FNDA:0,(anonymous_14)
FNDA:0,(anonymous_15)
FNDA:0,(anonymous_16)
DA:9,0
DA:10,0
DA:11,0
DA:12,0
DA:13,0
DA:15,0
DA:20,0
DA:28,0
DA:29,0
DA:30,0
DA:31,0
DA:34,0
DA:35,0
DA:36,0
DA:37,0
DA:39,0
DA:43,0
DA:44,0
DA:45,0
DA:47,0
DA:48,0
DA:49,0
DA:50,0
DA:53,0
DA:54,0
DA:55,0
DA:56,0
DA:57,0
DA:59,0
DA:63,0
DA:65,0
DA:66,0
DA:68,0
DA:74,0
DA:75,0
DA:80,0
DA:81,0
DA:82,0
DA:87,0
DA:88,0
DA:93,0
DA:94,0
DA:99,0
DA:104,0
DA:105,0
DA:106,0
DA:107,0
DA:109,0
DA:110,0
DA:111,0
DA:113,0
DA:117,0
LF:52
LH:0
BRDA:27,0,0,0
BRDA:28,1,0,0
BRDA:28,1,1,0
BRDA:36,2,0,0
BRDA:36,2,1,0
BRDA:36,3,0,0
BRDA:36,3,1,0
BRDA:45,4,0,0
BRDA:45,4,1,0
BRDA:49,5,0,0
BRDA:49,5,1,0
BRDA:49,6,0,0
BRDA:49,6,1,0
BRDA:50,7,0,0
BRDA:50,7,1,0
BRDA:54,8,0,0
BRDA:54,8,1,0
BRDA:56,9,0,0
BRDA:56,9,1,0
BRDA:56,10,0,0
BRDA:56,10,1,0
BRDA:57,11,0,0
BRDA:57,11,1,0
BRDA:63,12,0,0
BRDA:63,12,1,0
BRDA:66,13,0,0
BRDA:66,13,1,0
BRDA:75,14,0,0
BRDA:75,14,1,0
BRDA:81,15,0,0
BRDA:81,15,1,0
BRDA:82,16,0,0
BRDA:82,16,1,0
BRDA:82,17,0,0
BRDA:82,17,1,0
BRDA:88,18,0,0
BRDA:88,18,1,0
BRDA:94,19,0,0
BRDA:94,19,1,0
BRDA:99,20,0,0
BRDA:99,20,1,0
BRF:41
BRH:0
end_of_record
TN:
SF:core\tool_protocol.js
FN:20,parseToolCalls
FN:36,hasToolCalls
FN:46,generateToolPrompt
FN:47,(anonymous_3)
FNF:4
FNH:4
FNDA:7,parseToolCalls
FNDA:5,hasToolCalls
FNDA:4,generateToolPrompt
FNDA:5,(anonymous_3)
DA:10,1
DA:14,1
DA:21,7
DA:22,6
DA:23,6
DA:25,6
DA:26,5
DA:27,5
DA:28,4
DA:29,3
DA:33,6
DA:37,5
DA:47,5
DA:49,4
DA:51,2
DA:59,2
DA:60,2
DA:61,2
DA:62,2
DA:63,2
DA:64,2
DA:66,2
DA:67,2
DA:68,2
DA:69,1
DA:70,1
DA:71,1
DA:72,1
DA:73,1
DA:74,1
DA:75,1
DA:77,1
DA:80,2
DA:81,0
DA:82,0
DA:83,0
DA:84,0
DA:85,0
DA:86,0
DA:87,0
DA:90,2
DA:91,2
DA:94,2
DA:97,1
LF:44
LH:37
BRDA:21,0,0,1
BRDA:21,0,1,6
BRDA:28,1,0,3
BRDA:28,1,1,1
BRDA:28,2,0,4
BRDA:28,2,1,4
BRDA:28,2,2,4
BRDA:29,3,0,3
BRDA:29,3,1,0
BRDA:37,4,0,5
BRDA:37,4,1,4
BRDA:47,5,0,5
BRDA:47,5,1,5
BRDA:47,5,2,3
BRDA:49,6,0,2
BRDA:49,6,1,2
BRDA:60,7,0,2
BRDA:60,7,1,0
BRDA:63,8,0,2
BRDA:63,8,1,0
BRDA:66,9,0,2
BRDA:66,9,1,1
BRDA:68,10,0,1
BRDA:68,10,1,1
BRDA:72,11,0,1
BRDA:72,11,1,0
BRDA:73,12,0,0
BRDA:73,12,1,1
BRDA:74,13,0,0
BRDA:74,13,1,1
BRDA:75,14,0,1
BRDA:75,14,1,0
BRDA:75,15,0,1
BRDA:75,15,1,0
BRDA:80,16,0,0
BRDA:80,16,1,2
BRDA:80,17,0,2
BRDA:80,17,1,0
BRF:38
BRH:28
end_of_record
TN:
SF:core\ws_server.js
FN:15,(anonymous_0)
FN:26,(anonymous_1)
FN:30,(anonymous_2)
FN:41,(anonymous_3)
FN:45,(anonymous_4)
FN:50,(anonymous_5)
FN:66,(anonymous_6)
FN:79,(anonymous_7)
FNF:8
FNH:0
FNDA:0,(anonymous_0)
FNDA:0,(anonymous_1)
FNDA:0,(anonymous_2)
FNDA:0,(anonymous_3)
FNDA:0,(anonymous_4)
FNDA:0,(anonymous_5)
FNDA:0,(anonymous_6)
FNDA:0,(anonymous_7)
DA:10,0
DA:11,0
DA:12,0
DA:16,0
DA:18,0
DA:27,0
DA:31,0
DA:32,0
DA:33,0
DA:34,0
DA:36,0
DA:41,0
DA:42,0
DA:43,0
DA:45,0
DA:46,0
DA:47,0
DA:50,0
DA:51,0
DA:52,0
DA:56,0
DA:59,0
DA:67,0
DA:68,0
DA:69,0
DA:70,0
DA:71,0
DA:72,0
DA:75,0
DA:80,0
DA:84,0
LF:31
LH:0
BRDA:33,0,0,0
BRDA:33,0,1,0
BRDA:34,1,0,0
BRDA:34,1,1,0
BRDA:34,2,0,0
BRDA:34,2,1,0
BRDA:70,3,0,0
BRDA:70,3,1,0
BRDA:75,4,0,0
BRDA:75,4,1,0
BRF:10
BRH:0
end_of_record
TN:
SF:modules\logger.js
FN:23,(anonymous_0)
FN:27,(anonymous_1)
FN:29,(anonymous_2)
FN:37,(anonymous_3)
FN:38,(anonymous_4)
FN:57,createLogger
FN:107,queryLogs
FN:113,(anonymous_7)
FN:117,(anonymous_8)
FN:125,child
FN:131,(anonymous_10)
FN:132,(anonymous_11)
FN:133,(anonymous_12)
FN:134,(anonymous_13)
FN:138,(anonymous_14)
FNF:15
FNH:0
FNDA:0,(anonymous_0)
FNDA:0,(anonymous_1)
FNDA:0,(anonymous_2)
FNDA:0,(anonymous_3)
FNDA:0,(anonymous_4)
FNDA:0,createLogger
FNDA:0,queryLogs
FNDA:0,(anonymous_7)
FNDA:0,(anonymous_8)
FNDA:0,child
FNDA:0,(anonymous_10)
FNDA:0,(anonymous_11)
FNDA:0,(anonymous_12)
FNDA:0,(anonymous_13)
FNDA:0,(anonymous_14)
DA:9,0
DA:10,0
DA:11,0
DA:14,0
DA:15,0
DA:16,0
DA:17,0
DA:21,0
DA:24,0
DA:25,0
DA:27,0
DA:28,0
DA:29,0
DA:38,0
DA:39,0
DA:46,0
DA:47,0
DA:49,0
DA:55,0
DA:58,0
DA:60,0
DA:71,0
DA:72,0
DA:76,0
DA:77,0
DA:78,0
DA:81,0
DA:89,0
DA:94,0
DA:108,0
DA:110,0
DA:111,0
DA:112,0
DA:113,0
DA:116,0
DA:117,0
DA:120,0
DA:126,0
DA:127,0
DA:130,0
DA:131,0
DA:132,0
DA:133,0
DA:134,0
DA:138,0
LF:45
LH:0
BRDA:24,0,0,0
BRDA:24,0,1,0
BRDA:28,1,0,0
BRDA:28,1,1,0
BRDA:40,2,0,0
BRDA:40,2,1,0
BRDA:43,3,0,0
BRDA:43,3,1,0
BRDA:71,4,0,0
BRDA:71,4,1,0
BRDA:72,5,0,0
BRDA:72,5,1,0
BRDA:77,6,0,0
BRDA:77,6,1,0
BRDA:90,7,0,0
BRDA:90,7,1,0
BRDA:107,8,0,0
BRDA:107,9,0,0
BRDA:110,10,0,0
BRDA:110,10,1,0
BRDA:116,11,0,0
BRDA:116,11,1,0
BRDA:125,12,0,0
BRDA:126,13,0,0
BRDA:126,13,1,0
BRDA:131,14,0,0
BRDA:132,15,0,0
BRDA:133,16,0,0
BRDA:134,17,0,0
BRF:29
BRH:0
end_of_record
TN:
SF:routes\chat_handler.js
FN:22,modelName
FN:24,createChatRouter
FN:25,(anonymous_2)
FN:27,(anonymous_3)
FN:27,(anonymous_4)
FN:38,(anonymous_5)
FN:41,(anonymous_6)
FN:49,(anonymous_7)
FN:85,(anonymous_8)
FN:189,fakeStream
FN:197,sseWrite
FN:205,streamResponse
FNF:12
FNH:0
FNDA:0,modelName
FNDA:0,createChatRouter
FNDA:0,(anonymous_2)
FNDA:0,(anonymous_3)
FNDA:0,(anonymous_4)
FNDA:0,(anonymous_5)
FNDA:0,(anonymous_6)
FNDA:0,(anonymous_7)
FNDA:0,(anonymous_8)
FNDA:0,fakeStream
FNDA:0,sseWrite
FNDA:0,streamResponse
DA:10,0
DA:11,0
DA:12,0
DA:13,0
DA:14,0
DA:15,0
DA:16,0
DA:18,0
DA:19,0
DA:22,0
DA:25,0
DA:26,0
DA:27,0
DA:29,0
DA:30,0
DA:31,0
DA:33,0
DA:34,0
DA:38,0
DA:39,0
DA:40,0
DA:41,0
DA:43,0
DA:46,0
DA:47,0
DA:48,0
DA:49,0
DA:53,0
DA:54,0
DA:56,0
DA:66,0
DA:69,0
DA:70,0
DA:71,0
DA:73,0
DA:74,0
DA:75,0
DA:76,0
DA:78,0
DA:80,0
DA:81,0
DA:82,0
DA:83,0
DA:84,0
DA:85,0
DA:88,0
DA:89,0
DA:90,0
DA:91,0
DA:92,0
DA:93,0
DA:94,0
DA:95,0
DA:96,0
DA:97,0
DA:98,0
DA:100,0
DA:104,0
DA:105,0
DA:106,0
DA:111,0
DA:113,0
DA:114,0
DA:116,0
DA:127,0
DA:128,0
DA:129,0
DA:130,0
DA:133,0
DA:134,0
DA:135,0
DA:136,0
DA:137,0
DA:138,0
DA:139,0
DA:140,0
DA:141,0
DA:142,0
DA:145,0
DA:148,0
DA:149,0
DA:153,0
DA:154,0
DA:155,0
DA:165,0
DA:166,0
DA:167,0
DA:168,0
DA:171,0
DA:172,0
DA:175,0
DA:176,0
DA:177,0
DA:178,0
DA:179,0
DA:181,0
DA:185,0
DA:191,0
DA:192,0
DA:193,0
DA:198,0
DA:206,0
DA:207,0
DA:213,0
DA:218,0
DA:219,0
DA:220,0
DA:223,0
LF:108
LH:0
BRDA:22,0,0,0
BRDA:22,0,1,0
BRDA:26,1,0,0
BRDA:26,1,1,0
BRDA:27,2,0,0
BRDA:27,2,1,0
BRDA:31,3,0,0
BRDA:33,4,0,0
BRDA:33,4,1,0
BRDA:33,5,0,0
BRDA:33,5,1,0
BRDA:33,5,2,0
BRDA:40,6,0,0
BRDA:40,6,1,0
BRDA:41,7,0,0
BRDA:41,7,1,0
BRDA:48,8,0,0
BRDA:48,8,1,0
BRDA:54,9,0,0
BRDA:54,9,1,0
BRDA:57,10,0,0
BRDA:57,10,1,0
BRDA:57,10,2,0
BRDA:66,11,0,0
BRDA:66,11,1,0
BRDA:78,12,0,0
BRDA:78,12,1,0
BRDA:85,13,0,0
BRDA:85,13,1,0
BRDA:89,14,0,0
BRDA:89,14,1,0
BRDA:89,15,0,0
BRDA:89,15,1,0
BRDA:90,16,0,0
BRDA:90,16,1,0
BRDA:92,17,0,0
BRDA:92,17,1,0
BRDA:94,18,0,0
BRDA:94,18,1,0
BRDA:96,19,0,0
BRDA:96,19,1,0
BRDA:97,20,0,0
BRDA:97,20,1,0
BRDA:106,21,0,0
BRDA:106,21,1,0
BRDA:106,21,2,0
BRDA:111,22,0,0
BRDA:111,22,1,0
BRDA:113,23,0,0
BRDA:113,23,1,0
BRDA:137,24,0,0
BRDA:137,24,1,0
BRDA:139,25,0,0
BRDA:139,25,1,0
BRDA:139,25,2,0
BRDA:140,26,0,0
BRDA:140,26,1,0
BRDA:153,27,0,0
BRDA:153,27,1,0
BRDA:176,28,0,0
BRDA:176,28,1,0
BRDA:210,29,0,0
BRDA:210,29,1,0
BRDA:220,30,0,0
BRDA:220,30,1,0
BRF:65
BRH:0
end_of_record
TN:
SF:routes\config.js
FN:20,(anonymous_0)
FN:31,(anonymous_1)
FN:55,maskKey
FNF:3
FNH:2
FNDA:1,(anonymous_0)
FNDA:0,(anonymous_1)
FNDA:1,maskKey
DA:10,1
DA:11,1
DA:12,1
DA:13,1
DA:14,1
DA:15,1
DA:17,1
DA:20,1
DA:21,1
DA:22,1
DA:24,1
DA:25,1
DA:26,1
DA:27,1
DA:31,1
DA:32,0
DA:33,0
DA:34,0
DA:37,0
DA:38,0
DA:39,0
DA:40,0
DA:41,0
DA:46,0
DA:49,0
DA:51,0
DA:56,1
DA:57,1
DA:60,1
LF:29
LH:18
BRDA:24,0,0,1
BRDA:24,0,1,0
BRDA:25,1,0,0
BRDA:25,1,1,1
BRDA:26,2,0,0
BRDA:26,2,1,1
BRDA:39,3,0,0
BRDA:39,3,1,0
BRDA:40,4,0,0
BRDA:40,4,1,0
BRDA:40,5,0,0
BRDA:40,5,1,0
BRDA:56,6,0,0
BRDA:56,6,1,1
BRDA:56,7,0,1
BRDA:56,7,1,1
BRF:16
BRH:6
end_of_record
TN:
SF:routes\health.js
FN:14,(anonymous_0)
FN:32,(anonymous_1)
FNF:2
FNH:1
FNDA:1,(anonymous_0)
FNDA:0,(anonymous_1)
DA:9,1
DA:10,1
DA:11,1
DA:12,1
DA:14,1
DA:15,1
DA:23,1
DA:24,1
DA:25,1
DA:26,0
DA:27,0
DA:28,0
DA:29,0
DA:32,0
DA:34,0
DA:35,0
DA:38,0
DA:39,0
DA:44,1
DA:47,1
LF:20
LH:11
BRDA:25,0,0,0
BRDA:25,0,1,1
BRDA:25,1,0,1
BRDA:25,1,1,0
BRDA:25,1,2,0
BRDA:35,2,0,0
BRDA:35,2,1,0
BRDA:36,3,0,0
BRDA:36,3,1,0
BRDA:36,4,0,0
BRDA:36,4,1,0
BRF:11
BRH:2
end_of_record
TN:
SF:routes\memories.js
FN:14,(anonymous_0)
FN:28,(anonymous_1)
FN:32,(anonymous_2)
FN:42,(anonymous_3)
FN:52,(anonymous_4)
FNF:5
FNH:1
FNDA:1,(anonymous_0)
FNDA:0,(anonymous_1)
FNDA:0,(anonymous_2)
FNDA:0,(anonymous_3)
FNDA:0,(anonymous_4)
DA:9,1
DA:10,1
DA:11,1
DA:12,1
DA:14,1
DA:15,1
DA:16,1
DA:17,1
DA:22,1
DA:24,0
DA:28,1
DA:29,0
DA:30,0
DA:31,0
DA:32,0
DA:33,0
DA:34,0
DA:35,0
DA:36,0
DA:38,0
DA:42,1
DA:43,0
DA:44,0
DA:45,0
DA:47,0
DA:52,1
DA:53,0
DA:54,0
DA:56,0
DA:60,0
DA:61,0
DA:62,0
DA:65,0
DA:66,0
DA:67,0
DA:70,0
DA:72,0
DA:76,1
LF:38
LH:13
BRDA:19,0,0,1
BRDA:19,0,1,1
BRDA:20,1,0,1
BRDA:20,1,1,1
BRDA:32,2,0,0
BRDA:32,2,1,0
BRDA:32,3,0,0
BRDA:32,3,1,0
BRDA:33,4,0,0
BRDA:33,4,1,0
BRDA:34,5,0,0
BRDA:34,5,1,0
BRF:12
BRH:4
end_of_record
TN:
SF:routes\models.js
FN:18,createModelsRouter
FN:21,(anonymous_1)
FN:25,(anonymous_2)
FN:36,(anonymous_3)
FN:45,(anonymous_4)
FN:46,(anonymous_5)
FNF:6
FNH:0
FNDA:0,createModelsRouter
FNDA:0,(anonymous_1)
FNDA:0,(anonymous_2)
FNDA:0,(anonymous_3)
FNDA:0,(anonymous_4)
FNDA:0,(anonymous_5)
DA:12,0
DA:13,0
DA:16,0
DA:19,0
DA:21,0
DA:22,0
DA:23,0
DA:25,0
DA:26,0
DA:30,0
DA:31,0
DA:32,0
DA:36,0
DA:37,0
DA:38,0
DA:44,0
DA:45,0
DA:46,0
DA:48,0
DA:51,0
DA:54,0
LF:21
LH:0
BRDA:26,0,0,0
BRDA:26,0,1,0
BRDA:26,1,0,0
BRDA:26,1,1,0
BRDA:30,2,0,0
BRDA:30,2,1,0
BRDA:30,3,0,0
BRDA:30,3,1,0
BRDA:36,4,0,0
BRDA:36,4,1,0
BRDA:38,5,0,0
BRDA:38,5,1,0
BRDA:44,6,0,0
BRDA:44,6,1,0
BRDA:45,7,0,0
BRDA:45,7,1,0
BRDA:45,8,0,0
BRDA:45,8,1,0
BRDA:46,9,0,0
BRDA:46,9,1,0
BRF:20
BRH:0
end_of_record
TN:
SF:routes\plugins.js
FN:15,(anonymous_0)
FN:16,(anonymous_1)
FN:29,(anonymous_2)
FN:36,(anonymous_3)
FN:54,sanitizeConfig
FNF:5
FNH:1
FNDA:1,(anonymous_0)
FNDA:0,(anonymous_1)
FNDA:0,(anonymous_2)
FNDA:0,(anonymous_3)
FNDA:0,sanitizeConfig
DA:9,2
DA:10,2
DA:11,2
DA:12,2
DA:15,2
DA:16,1
DA:25,1
DA:29,2
DA:30,0
DA:31,0
DA:32,0
DA:36,2
DA:37,0
DA:38,0
DA:40,0
DA:41,0
DA:42,0
DA:43,0
DA:47,0
DA:55,0
DA:56,0
DA:57,0
DA:58,0
DA:61,2
LF:24
LH:10
BRDA:18,0,0,0
BRDA:18,0,1,0
BRDA:19,1,0,0
BRDA:19,1,1,0
BRDA:20,2,0,0
BRDA:20,2,1,0
BRDA:22,3,0,0
BRDA:22,3,1,0
BRDA:31,4,0,0
BRDA:31,4,1,0
BRDA:38,5,0,0
BRDA:38,5,1,0
BRDA:41,6,0,0
BRDA:41,6,1,0
BRDA:42,7,0,0
BRDA:42,7,1,0
BRDA:56,8,0,0
BRDA:56,8,1,0
BRDA:57,9,0,0
BRDA:57,9,1,0
BRF:20
BRH:0
end_of_record
